\BOOKMARK [0][-]{chapter*.7}{\376\377\000I\000n\000t\000r\000o\000d\000u\000c\000t\000i\000o\000n}{}% 1
\BOOKMARK [0][-]{chapter.1}{\376\377\000B\000a\000c\000k\000g\000r\000o\000u\000n\000d}{}% 2
\BOOKMARK [1][-]{section.1.1}{\376\377\000M\000a\000c\000h\000i\000n\000e\000\040\000L\000e\000a\000r\000n\000i\000n\000g}{chapter.1}% 3
\BOOKMARK [2][-]{subsection.1.1.1}{\376\377\000W\000h\000a\000t\000\040\000i\000s\000\040\000M\000a\000c\000h\000i\000n\000e\000\040\000L\000e\000a\000r\000n\000i\000n\000g\000?}{section.1.1}% 4
\BOOKMARK [2][-]{subsection.1.1.2}{\376\377\000S\000u\000p\000e\000r\000v\000i\000s\000e\000d\000\040\000L\000e\000a\000r\000n\000i\000n\000g}{section.1.1}% 5
\BOOKMARK [2][-]{subsection.1.1.3}{\376\377\000O\000v\000e\000r\000f\000i\000t\000t\000i\000n\000g}{section.1.1}% 6
\BOOKMARK [2][-]{subsection.1.1.4}{\376\377\000M\000o\000d\000e\000l\000s\000\040\000a\000n\000d\000\040\000H\000y\000p\000e\000r\000p\000a\000r\000a\000m\000e\000t\000e\000r\000\040\000T\000u\000n\000i\000n\000g}{section.1.1}% 7
\BOOKMARK [1][-]{section.1.2}{\376\377\000D\000e\000e\000p\000\040\000L\000e\000a\000r\000n\000i\000n\000g}{chapter.1}% 8
\BOOKMARK [2][-]{subsection.1.2.1}{\376\377\000W\000h\000a\000t\000\040\000i\000s\000\040\000D\000e\000e\000p\000\040\000L\000e\000a\000r\000n\000i\000n\000g\000?}{section.1.2}% 9
\BOOKMARK [2][-]{subsection.1.2.2}{\376\377\000A\000r\000t\000i\000f\000i\000c\000i\000a\000l\000\040\000N\000e\000u\000r\000a\000l\000\040\000N\000e\000t\000w\000o\000r\000k\000s}{section.1.2}% 10
\BOOKMARK [3][-]{subsubsection.1.2.2.1}{\376\377\000A\000r\000t\000i\000f\000i\000c\000i\000a\000l\000\040\000N\000e\000u\000r\000o\000n\000\040\000a\000s\000\040\000a\000\040\000M\000o\000d\000e\000l}{subsection.1.2.2}% 11
\BOOKMARK [3][-]{subsubsection.1.2.2.2}{\376\377\000F\000e\000e\000d\000f\000o\000r\000w\000a\000r\000d\000\040\000N\000e\000u\000r\000a\000l\000\040\000N\000e\000t\000w\000o\000r\000k\000s}{subsection.1.2.2}% 12
\BOOKMARK [3][-]{subsubsection.1.2.2.3}{\376\377\000B\000a\000c\000k\000p\000r\000o\000p\000a\000g\000a\000t\000i\000o\000n}{subsection.1.2.2}% 13
\BOOKMARK [3][-]{subsubsection.1.2.2.4}{\376\377\000A\000c\000t\000i\000v\000a\000t\000i\000o\000n\000\040\000F\000u\000n\000c\000t\000i\000o\000n\000s}{subsection.1.2.2}% 14
\BOOKMARK [3][-]{subsubsection.1.2.2.5}{\376\377\000D\000r\000o\000p\000o\000u\000t}{subsection.1.2.2}% 15
\BOOKMARK [2][-]{subsection.1.2.3}{\376\377\000C\000o\000n\000v\000o\000l\000u\000t\000i\000o\000n\000a\000l\000\040\000N\000e\000u\000r\000a\000l\000\040\000N\000e\000t\000w\000o\000r\000k\000s}{section.1.2}% 16
\BOOKMARK [3][-]{subsubsection.1.2.3.1}{\376\377\000M\000o\000t\000i\000v\000a\000t\000i\000o\000n}{subsection.1.2.3}% 17
\BOOKMARK [3][-]{subsubsection.1.2.3.2}{\376\377\000C\000o\000n\000v\000o\000l\000u\000t\000i\000o\000n\000a\000l\000\040\000L\000a\000y\000e\000r}{subsection.1.2.3}% 18
\BOOKMARK [3][-]{subsubsection.1.2.3.3}{\376\377\000A\000n\000o\000t\000h\000e\000r\000\040\000N\000e\000w\000\040\000B\000u\000i\000l\000d\000i\000n\000g\000\040\000B\000l\000o\000c\000k\000s}{subsection.1.2.3}% 19
\BOOKMARK [3][-]{subsubsection.1.2.3.4}{\376\377\000I\000m\000p\000l\000e\000m\000e\000n\000t\000a\000t\000i\000o\000n\000\040\000a\000n\000d\000\040\000B\000a\000c\000k\000p\000r\000o\000p}{subsection.1.2.3}% 20
\BOOKMARK [1][-]{section.1.3}{\376\377\000C\000o\000m\000m\000o\000n\000\040\000P\000e\000r\000f\000o\000r\000m\000a\000n\000c\000e\000\040\000I\000m\000p\000r\000o\000v\000e\000m\000e\000n\000t\000\040\000T\000e\000c\000h\000n\000i\000q\000u\000e\000s}{chapter.1}% 21
\BOOKMARK [2][-]{subsection.1.3.1}{\376\377\000R\000e\000g\000u\000l\000a\000r\000i\000z\000a\000t\000i\000o\000n}{section.1.3}% 22
\BOOKMARK [2][-]{subsection.1.3.2}{\376\377\000C\000r\000o\000s\000s\000-\000V\000a\000l\000i\000d\000a\000t\000i\000o\000n}{section.1.3}% 23
\BOOKMARK [2][-]{subsection.1.3.3}{\376\377\000M\000o\000d\000e\000l\000\040\000E\000n\000s\000e\000m\000b\000l\000i\000n\000g}{section.1.3}% 24
\BOOKMARK [0][-]{chapter.2}{\376\377\000S\000t\000a\000t\000e\000\040\000o\000f\000\040\000t\000h\000e\000\040\000A\000r\000t}{}% 25
\BOOKMARK [1][-]{section.2.1}{\376\377\000B\000a\000t\000c\000h\000\040\000N\000o\000r\000m\000a\000l\000i\000z\000a\000t\000i\000o\000n}{chapter.2}% 26
\BOOKMARK [2][-]{subsection.2.1.1}{\376\377\000M\000o\000t\000i\000v\000a\000t\000i\000o\000n}{section.2.1}% 27
\BOOKMARK [2][-]{subsection.2.1.2}{\376\377\000P\000r\000o\000b\000l\000e\000m\000\040\000A\000d\000d\000r\000e\000s\000s\000i\000n\000g}{section.2.1}% 28
\BOOKMARK [2][-]{subsection.2.1.3}{\376\377\000P\000r\000o\000s\000\040\000a\000n\000d\000\040\000C\000o\000n\000s}{section.2.1}% 29
\BOOKMARK [1][-]{section.2.2}{\376\377\000A\000d\000a\000m\000\040\000O\000p\000t\000i\000m\000i\000z\000e\000r}{chapter.2}% 30
\BOOKMARK [2][-]{subsection.2.2.1}{\376\377\000M\000o\000m\000e\000n\000t\000u\000m\000\040\000a\000n\000d\000\040\000N\000e\000s\000t\000e\000r\000o\000v}{section.2.2}% 31
\BOOKMARK [2][-]{subsection.2.2.2}{\376\377\000A\000d\000a\000p\000t\000i\000v\000e\000\040\000M\000e\000t\000h\000o\000d\000s}{section.2.2}% 32
\BOOKMARK [2][-]{subsection.2.2.3}{\376\377\000A\000d\000a\000m}{section.2.2}% 33
\BOOKMARK [2][-]{subsection.2.2.4}{\376\377\000A\000d\000a\000m\000\040\000F\000e\000a\000t\000u\000r\000e\000s}{section.2.2}% 34
\BOOKMARK [1][-]{section.2.3}{\376\377\000D\000e\000e\000p\000\040\000R\000e\000s\000i\000d\000u\000a\000l\000\040\000N\000e\000t\000w\000o\000r\000k\000s}{chapter.2}% 35
\BOOKMARK [1][-]{section.2.4}{\376\377\000D\000e\000n\000s\000e\000l\000y\000\040\000C\000o\000n\000n\000e\000c\000t\000e\000d\000\040\000C\000o\000n\000v\000o\000l\000u\000t\000i\000o\000n\000a\000l\000\040\000N\000e\000t\000w\000o\000r\000k\000s}{chapter.2}% 36
\BOOKMARK [2][-]{subsection.2.4.1}{\376\377\000M\000o\000t\000i\000v\000a\000t\000i\000o\000n}{section.2.4}% 37
\BOOKMARK [2][-]{subsection.2.4.2}{\376\377\000K\000e\000y\000\040\000A\000r\000c\000h\000i\000t\000e\000c\000t\000u\000r\000e\000\040\000E\000l\000e\000m\000e\000n\000t\000s}{section.2.4}% 38
\BOOKMARK [2][-]{subsection.2.4.3}{\376\377\000P\000r\000o\000s\000\040\000a\000n\000d\000\040\000C\000o\000n\000s}{section.2.4}% 39
\BOOKMARK [2][-]{subsection.2.4.4}{\376\377\000S\000p\000e\000c\000i\000a\000l\000i\000z\000e\000d\000\040\000D\000r\000o\000p\000o\000u\000t\000s}{section.2.4}% 40
\BOOKMARK [1][-]{section.2.5}{\376\377\000M\000a\000s\000k\000\040\000R\000-\000C\000N\000N}{chapter.2}% 41
\BOOKMARK [2][-]{subsection.2.5.1}{\376\377\000P\000u\000r\000p\000o\000s\000e}{section.2.5}% 42
\BOOKMARK [2][-]{subsection.2.5.2}{\376\377\000P\000r\000e\000d\000e\000c\000e\000s\000s\000o\000r\000s}{section.2.5}% 43
\BOOKMARK [3][-]{subsubsection.2.5.2.1}{\376\377\000R\000e\000g\000i\000o\000n\000s\000\040\000w\000i\000t\000h\000\040\000C\000N\000N}{subsection.2.5.2}% 44
\BOOKMARK [3][-]{subsubsection.2.5.2.2}{\376\377\000F\000a\000s\000t\000\040\000R\000-\000C\000N\000N}{subsection.2.5.2}% 45
\BOOKMARK [3][-]{subsubsection.2.5.2.3}{\376\377\000F\000a\000s\000t\000e\000r\000\040\000R\000-\000C\000N\000N}{subsection.2.5.2}% 46
\BOOKMARK [2][-]{subsection.2.5.3}{\376\377\000A\000r\000c\000h\000i\000t\000e\000c\000t\000u\000r\000e\000\040\000D\000e\000t\000a\000i\000l\000s}{section.2.5}% 47
\BOOKMARK [3][-]{subsubsection.2.5.3.1}{\376\377\000R\000o\000I\000\040\000A\000l\000i\000g\000n}{subsection.2.5.3}% 48
\BOOKMARK [3][-]{subsubsection.2.5.3.2}{\376\377\000M\000a\000s\000k\000\040\000P\000r\000e\000d\000i\000c\000t\000o\000r\000\040\000H\000e\000a\000d}{subsection.2.5.3}% 49
\BOOKMARK [0][-]{chapter.3}{\376\377\000P\000r\000a\000c\000t\000i\000a\000l\000\040\000P\000a\000r\000t}{}% 50
\BOOKMARK [1][-]{section.3.1}{\376\377\000T\000a\000s\000k\000\040\000R\000e\000c\000a\000p\000i\000t\000u\000l\000a\000t\000i\000o\000n}{chapter.3}% 51
\BOOKMARK [1][-]{section.3.2}{\376\377\000D\000a\000t\000a\000s\000e\000t\000\040\000O\000v\000e\000r\000v\000i\000e\000w}{chapter.3}% 52
\BOOKMARK [1][-]{section.3.3}{\376\377\000T\000h\000e\000\040\000A\000p\000p\000r\000o\000a\000c\000h}{chapter.3}% 53
\BOOKMARK [2][-]{subsection.3.3.1}{\376\377\000J\000o\000i\000n\000t\000\040\000E\000x\000t\000r\000a\000c\000t\000i\000o\000n}{section.3.3}% 54
\BOOKMARK [3][-]{subsubsection.3.3.1.1}{\376\377\000D\000a\000t\000a\000\040\000P\000r\000e\000p\000a\000r\000a\000t\000i\000o\000n}{subsection.3.3.1}% 55
\BOOKMARK [3][-]{subsubsection.3.3.1.2}{\376\377\000T\000r\000a\000i\000n\000i\000n\000g\000\040\000a\000n\000d\000\040\000R\000e\000s\000u\000l\000t\000s}{subsection.3.3.1}% 56
\BOOKMARK [2][-]{subsection.3.3.2}{\376\377\000D\000a\000m\000a\000g\000e\000\040\000A\000s\000s\000e\000s\000s\000m\000e\000n\000t}{section.3.3}% 57
\BOOKMARK [3][-]{subsubsection.3.3.2.1}{\376\377\000D\000a\000t\000a\000\040\000P\000r\000e\000p\000a\000r\000a\000t\000i\000o\000n}{subsection.3.3.2}% 58
\BOOKMARK [3][-]{subsubsection.3.3.2.2}{\376\377\000T\000h\000e\000\040\000M\000o\000d\000e\000l}{subsection.3.3.2}% 59
\BOOKMARK [3][-]{subsubsection.3.3.2.3}{\376\377\000T\000r\000a\000i\000n\000i\000n\000g\000\040\000a\000n\000d\000\040\000R\000e\000s\000u\000l\000t\000s}{subsection.3.3.2}% 60
\BOOKMARK [1][-]{section.3.4}{\376\377\000D\000i\000s\000c\000u\000s\000s\000i\000o\000n}{chapter.3}% 61
\BOOKMARK [2][-]{subsection.3.4.1}{\376\377\000J\000o\000i\000n\000t\000\040\000E\000x\000t\000r\000a\000c\000t\000i\000o\000n}{section.3.4}% 62
\BOOKMARK [2][-]{subsection.3.4.2}{\376\377\000D\000a\000m\000a\000g\000e\000\040\000A\000s\000s\000e\000s\000s\000m\000e\000n\000t}{section.3.4}% 63
\BOOKMARK [0][-]{chapter*.42}{\376\377\000C\000o\000n\000c\000l\000u\000s\000i\000o\000n}{}% 64
\BOOKMARK [0][-]{chapter*.43}{\376\377\000B\000i\000b\000l\000i\000o\000g\000r\000a\000p\000h\000y}{}% 65
\BOOKMARK [0][-]{appendix.A}{\376\377\000A\000c\000r\000o\000n\000y\000m\000s}{}% 66
\BOOKMARK [0][-]{appendix.B}{\376\377\000E\000x\000a\000m\000p\000l\000e\000\040\000T\000r\000a\000i\000n\000i\000n\000g\000\040\000P\000l\000o\000t}{}% 67
\BOOKMARK [0][-]{appendix.C}{\376\377\000C\000o\000n\000t\000e\000n\000t\000s\000\040\000o\000f\000\040\000e\000n\000c\000l\000o\000s\000e\000d\000\040\000C\000D}{}% 68
