This is pdfTeX, Version 3.14159265-2.6-1.40.21 (TeX Live 2020/W32TeX) (preloaded format=pdflatex 2020.4.14)  4 JUN 2020 22:00
entering extended mode
 restricted \write18 enabled.
 %&-line parsing enabled.
**BP_Yorsh_Uladzislau_2020.tex
(./BP_Yorsh_Uladzislau_2020.tex
LaTeX2e <2020-02-02> patch level 5
L3 programming layer <2020-04-06> (./FITthesis.cls
Document Class: FITthesis 2019/12/23 CTU FIT standard class for theses
(c:/Software/texlive/2020/texmf-dist/tex/latex/memoir/memoir.cls
Document Class: memoir 2020/03/25 v3.7k configurable book, report, article docu
ment class
\onelineskip=\skip47
\lxvchars=\skip48
\xlvchars=\skip49
\@memcnta=\count167
\c@@memmarkcntra=\count168
LaTeX Info: Redefining \InputIfFileExists on input line 140.
(c:/Software/texlive/2020/texmf-dist/tex/generic/iftex/iftex.sty
Package: iftex 2020/03/06 v1.0d TeX engine tests
)
\stockheight=\skip50
\stockwidth=\skip51
\trimtop=\skip52
\trimedge=\skip53

(c:/Software/texlive/2020/texmf-dist/tex/latex/memoir/mem11.clo
File: mem11.clo 2008/01/30 v0.3 memoir class 11pt size option
)
\binding=\skip54
\spinemargin=\skip55
\foremargin=\skip56
\uppermargin=\skip57
\lowermargin=\skip58
\headdrop=\skip59
\normalrulethickness=\skip60
\mem@maxheadheight=\skip61
\mem@maxfootheight=\skip62
\headwidth=\skip63
\c@storedpagenumber=\count169
\memPD=\dimen134
\m@mabparskip=\skip64
\thanksmarkwidth=\skip65
\thanksmarksep=\skip66
\droptitle=\skip67
\c@book=\count170
\c@part=\count171
\c@chapter=\count172
\c@section=\count173
\c@subsection=\count174
\c@subsubsection=\count175
\c@paragraph=\count176
\c@subparagraph=\count177
\beforechapskip=\skip68
\midchapskip=\skip69
\afterchapskip=\skip70
\chapindent=\skip71
\bottomsectionskip=\skip72
\secindent=\skip73
\beforesecskip=\skip74
\aftersecskip=\skip75
\subsecindent=\skip76
\beforesubsecskip=\skip77
\aftersubsecskip=\skip78
\subsubsecindent=\skip79
\beforesubsubsecskip=\skip80
\aftersubsubsecskip=\skip81
\paraindent=\skip82
\beforeparaskip=\skip83
\afterparaskip=\skip84
\subparaindent=\skip85
\beforesubparaskip=\skip86
\aftersubparaskip=\skip87
\pfbreakskip=\skip88
\c@@ppsavesec=\count178
\c@@ppsaveapp=\count179
\ragrparindent=\dimen135
\everylistparindent=\dimen136
\parsepi=\skip89
\topsepi=\skip90
\itemsepi=\skip91
\parsepii=\skip92
\topsepii=\skip93
\topsepiii=\skip94
\itemsepii=\skip95
\itemsepiii=\skip96
\partopsepii=\skip97
\partopsepiii=\skip98
\m@msavetopsep=\skip99
\m@msavepartopsep=\skip100
\@enLab=\toks15
\abstitleskip=\skip101
\absleftindent=\skip102
\abs@leftindent=\dimen137
\absrightindent=\skip103
\absparindent=\skip104
\absparsep=\skip105
\c@vslineno=\count180
\c@poemline=\count181
\c@modulo@vs=\count182
\c@memfvsline=\count183
\vleftskip=\skip106
\vrightskip=\skip107
\stanzaskip=\skip108
\versewidth=\skip109
\vgap=\skip110
\vindent=\skip111
\vleftmargin=\dimen138
\c@verse=\count184
\c@chrsinstr=\count185
\beforepoemtitleskip=\skip112
\afterpoemtitleskip=\skip113
\c@poem=\count186
\beforePoemTitleskip=\skip114
\midPoemTitleskip=\skip115
\afterPoemTitleskip=\skip116

(c:/Software/texlive/2020/texmf-dist/tex/latex/tools/array.sty
Package: array 2019/08/31 v2.4l Tabular extension package (FMi)
\col@sep=\dimen139
\ar@mcellbox=\box45
\extrarowheight=\dimen140
\NC@list=\toks16
\extratabsurround=\skip117
\backup@length=\skip118
\ar@cellbox=\box46
)
(c:/Software/texlive/2020/texmf-dist/tex/latex/tools/dcolumn.sty
Package: dcolumn 2014/10/28 v1.06 decimal alignment package (DPC)
)
(c:/Software/texlive/2020/texmf-dist/tex/latex/tools/delarray.sty
Package: delarray 2014/10/28 v1.01 array delimiter package (DPC)
)
(c:/Software/texlive/2020/texmf-dist/tex/latex/tools/tabularx.sty
Package: tabularx 2020/01/15 v2.11c `tabularx' package (DPC)
\TX@col@width=\dimen141
\TX@old@table=\dimen142
\TX@old@col=\dimen143
\TX@target=\dimen144
\TX@delta=\dimen145
\TX@cols=\count187
\TX@ftn=\toks17
)
\heavyrulewidth=\dimen146
\lightrulewidth=\dimen147
\cmidrulewidth=\dimen148
\belowrulesep=\dimen149
\belowbottomsep=\dimen150
\aboverulesep=\dimen151
\abovetopsep=\dimen152
\cmidrulesep=\dimen153
\cmidrulekern=\dimen154
\defaultaddspace=\dimen155
\@cmidla=\count188
\@cmidlb=\count189
\@aboverulesep=\dimen156
\@belowrulesep=\dimen157
\@thisruleclass=\count190
\@lastruleclass=\count191
\@thisrulewidth=\dimen158
\ctableftskip=\skip119
\ctabrightskip=\skip120
\abovecolumnspenalty=\count192
\@linestogo=\count193
\@cellstogo=\count194
\@cellsincolumn=\count195
\crtok=\toks18
\@mincolumnwidth=\dimen159
\c@newflo@tctr=\count196
\mem@margin@floatbox=\box47
\@contcwidth=\skip121
\@contindw=\skip122
\abovecaptionskip=\skip123
\belowcaptionskip=\skip124
\subfloattopskip=\skip125
\subfloatcapskip=\skip126
\subfloatcaptopadj=\skip127
\subfloatbottomskip=\skip128
\subfloatlabelskip=\skip129
\subfloatcapmargin=\dimen160
\c@@contsubnum=\count197
\m@mscap@capbox=\box48
\m@mscap@fbox=\box49
\sidecapsep=\dimen161
\sidecapwidth=\dimen162
\m@m@tempdima=\dimen163
\m@mscapraise=\dimen164
\sidecapraise=\dimen165
\m@mscapmainwidth=\dimen166
\m@mscaplkern=\dimen167
\beforeepigraphskip=\skip130
\afterepigraphskip=\skip131
\epigraphwidth=\skip132
\epigraphrule=\skip133
LaTeX Info: Redefining \em on input line 7664.
LaTeX Info: Redefining \emph on input line 7672.
\tocentryskip=\skip134
\tocbaseline=\skip135
\cftparskip=\skip136
\cftbeforebookskip=\skip137
\cftbookindent=\dimen168
\cftbooknumwidth=\dimen169
\cftbeforepartskip=\skip138
\cftpartindent=\skip139
\cftpartnumwidth=\skip140
\cftbeforechapterskip=\skip141
\cftchapterindent=\skip142
\cftchapternumwidth=\skip143
\cftbeforesectionskip=\skip144
\cftsectionindent=\skip145
\cftsectionnumwidth=\skip146
\cftbeforesubsectionskip=\skip147
\cftsubsectionindent=\skip148
\cftsubsectionnumwidth=\skip149
\cftbeforesubsubsectionskip=\skip150
\cftsubsubsectionindent=\skip151
\cftsubsubsectionnumwidth=\skip152
\cftbeforeparagraphskip=\skip153
\cftparagraphindent=\skip154
\cftparagraphnumwidth=\skip155
\cftbeforesubparagraphskip=\skip156
\cftsubparagraphindent=\skip157
\cftsubparagraphnumwidth=\skip158
\prechapterprecisshift=\dimen170
\c@maxsecnumdepth=\count198
\bibindent=\dimen171
\bibitemsep=\skip159
\indexcolsep=\skip160
\indexrule=\skip161
\indexmarkstyle=\toks19
\@indexbox=\insert199
\glossarycolsep=\dimen172
\glossaryrule=\dimen173
\sideparvshift=\skip162
\sideins=\insert252
\sidebartopsep=\skip163
\sidebarhsep=\skip164
\sidebarvsep=\skip165
\sidebarwidth=\skip166
\footmarkwidth=\skip167
\footmarksep=\skip168
\footparindent=\skip169
\footinsdim=\skip170
\footinsv@r=\insert251
\@mpfootinsv@r=\insert250
\m@m@k=\count266
\m@m@h=\dimen174
\m@mipn@skip=\skip171
\sidefootins=\insert249
\sidefootadjust=\skip172
\sidefootheight=\skip173
\sidefoothsep=\skip174
\sidefootvsep=\skip175
\sidefootwidth=\skip176
\m@mdownsf=\skip177
\c@sidefootnote=\count267
\sidefootmarkwidth=\skip178
\sidefootmarksep=\skip179
\sidefootparindent=\skip180
\c@pagenote=\count268
\c@pagenoteshadow=\count269
\mem@pn@lastkern=\skip181
\every@verbatim=\toks20
\afterevery@verbatim=\toks21
\verbatim@line=\toks22
\tab@position=\count270
\verbatim@in@stream=\read2
\verbatimindent=\skip182
\verbatim@out=\write3
\bvboxsep=\skip183
\c@memfbvline=\count271
\c@bvlinectr=\count272
\bvnumlength=\skip184
\fb@frw=\dimen175
\fb@frh=\dimen176
\FrameRule=\dimen177
\FrameSep=\dimen178
\c@cp@cntr=\count273
LaTeX Info: Redefining \: on input line 12191.
LaTeX Info: Redefining \! on input line 12193.
\c@ism@mctr=\count274
\c@xsm@mctr=\count275
\c@csm@mctr=\count276
\c@ksm@mctr=\count277
\c@xksm@mctr=\count278
\c@cksm@mctr=\count279
\c@msm@mctr=\count280
\c@xmsm@mctr=\count281
\c@cmsm@mctr=\count282
\c@bsm@mctr=\count283
\c@workm@mctr=\count284
\c@sheetsequence=\count285
\c@lastsheet=\count286
\c@lastpage=\count287

(c:/Software/texlive/2020/texmf-dist/tex/latex/textcase/textcase.sty
Package: textcase 2019/09/14 v1.00 Text only upper/lower case changing (DPC)
)
\c@figure=\count288
\c@lofdepth=\count289
\cftbeforefigureskip=\skip185
\cftfigureindent=\skip186
\cftfigurenumwidth=\skip187
\c@table=\count290
\c@lotdepth=\count291
\cftbeforetableskip=\skip188
\cfttableindent=\skip189
\cfttablenumwidth=\skip190
Package abstract [2008/07/23] emulated by memoir.
Package appendix [2008/07/23] emulated by memoir.
Package booktabs [2016/05/16] emulated by memoir.
Package ccaption [2008/07/23] emulated by memoir.
Package changepage [2008/07/23] emulated by memoir.
Package chngcntr [2008/07/23] emulated by memoir.
Package chngpage [2008/07/23] emulated by memoir.
Package crop emulated by memoir.
Package enumerate [2008/07/23] emulated by memoir.
Package epigraph [2008/07/23] emulated by memoir.
Package ifmtarg [2008/07/23] emulated by memoir.
Package index [2008/07/23] emulated by memoir.
Package makeidx [2008/07/23] emulated by memoir.
Package moreverb [2008/07/23] emulated by memoir.
Package mparhack [2008/07/23] emulated by memoir.
Package needspace [2008/07/23] emulated by memoir.
Package newfile [2008/07/23] emulated by memoir.
Package nextpage [2008/07/23] emulated by memoir.
Package pagenote [2008/07/23] emulated by memoir.
Package parskip [2008/07/23] emulated by memoir.
Package patchcmd [2008/07/23] emulated by memoir.
Package setspace [2008/07/23] emulated by memoir.
Package shortvrb [2008/07/23] emulated by memoir.
Package showidx [2008/07/23] emulated by memoir.
Package titleref [2008/07/23] emulated by memoir.
Package titling [2008/07/23] emulated by memoir.
Package tocbibind [2008/07/23] emulated by memoir.
Package tocloft [2008/07/23] emulated by memoir.
Package tocvsec2 [2008/07/23] emulated by memoir.
Package verbatim [2008/07/23] emulated by memoir.
Package verse [2008/07/23] emulated by memoir.
)
(c:/Software/texlive/2020/texmf-dist/tex/generic/babel/babel.sty
Package: babel 2020/03/22 3.42 The Babel package

(c:/Software/texlive/2020/texmf-dist/tex/generic/babel/switch.def
File: switch.def 2020/03/22 3.42 Babel switching mechanism
)
(c:/Software/texlive/2020/texmf-dist/tex/generic/babel-czech/czech.ldf
Language: czech 2008/07/06 v3.1a Czech support from the babel system

(c:/Software/texlive/2020/texmf-dist/tex/generic/babel/babel.def
File: babel.def 2020/03/22 3.42 Babel common definitions
\babel@savecnt=\count292
\U@D=\dimen179

(c:/Software/texlive/2020/texmf-dist/tex/generic/babel/txtbabel.def)
\bbl@readstream=\read3
\bbl@dirlevel=\count293
)
Package babel Info: Making " an active character on input line 172.
\cs@wordlen=\count294
Package babel Info: Making - an active character on input line 226.
)
(c:/Software/texlive/2020/texmf-dist/tex/generic/babel-english/english.ldf
Language: english 2017/06/06 v3.3r English support from the babel system
Package babel Info: \l@canadian = using hyphenrules for english
(babel)             (\language0) on input line 102.
Package babel Info: \l@australian = using hyphenrules for ukenglish
(babel)             (\language21) on input line 105.
Package babel Info: \l@newzealand = using hyphenrules for ukenglish
(babel)             (\language21) on input line 108.
)
(c:/Software/texlive/2020/texmf-dist/tex/generic/babel-english/english.ldf
Language: english 2017/06/06 v3.3r English support from the babel system
))
(c:/Software/texlive/2020/texmf-dist/tex/latex/hyperref/hyperref.sty
Package: hyperref 2020/01/14 v7.00d Hypertext links for LaTeX

(c:/Software/texlive/2020/texmf-dist/tex/generic/ltxcmds/ltxcmds.sty
Package: ltxcmds 2019/12/15 v1.24 LaTeX kernel commands for general use (HO)
)
(c:/Software/texlive/2020/texmf-dist/tex/latex/pdftexcmds/pdftexcmds.sty
Package: pdftexcmds 2019/11/24 v0.31 Utility functions of pdfTeX for LuaTeX (HO
)

(c:/Software/texlive/2020/texmf-dist/tex/generic/infwarerr/infwarerr.sty
Package: infwarerr 2019/12/03 v1.5 Providing info/warning/error messages (HO)
)
Package pdftexcmds Info: \pdf@primitive is available.
Package pdftexcmds Info: \pdf@ifprimitive is available.
Package pdftexcmds Info: \pdfdraftmode found.
)
(c:/Software/texlive/2020/texmf-dist/tex/latex/graphics/keyval.sty
Package: keyval 2014/10/28 v1.15 key=value parser (DPC)
\KV@toks@=\toks23
)
(c:/Software/texlive/2020/texmf-dist/tex/generic/kvsetkeys/kvsetkeys.sty
Package: kvsetkeys 2019/12/15 v1.18 Key value parser (HO)
)
(c:/Software/texlive/2020/texmf-dist/tex/generic/kvdefinekeys/kvdefinekeys.sty
Package: kvdefinekeys 2019-12-19 v1.6 Define keys (HO)
) (c:/Software/texlive/2020/texmf-dist/tex/generic/pdfescape/pdfescape.sty
Package: pdfescape 2019/12/09 v1.15 Implements pdfTeX's escape features (HO)
)
(c:/Software/texlive/2020/texmf-dist/tex/latex/hycolor/hycolor.sty
Package: hycolor 2020-01-27 v1.10 Color options for hyperref/bookmark (HO)
)
(c:/Software/texlive/2020/texmf-dist/tex/latex/letltxmacro/letltxmacro.sty
Package: letltxmacro 2019/12/03 v1.6 Let assignment for LaTeX macros (HO)
)
(c:/Software/texlive/2020/texmf-dist/tex/latex/auxhook/auxhook.sty
Package: auxhook 2019-12-17 v1.6 Hooks for auxiliary files (HO)
)
(c:/Software/texlive/2020/texmf-dist/tex/latex/kvoptions/kvoptions.sty
Package: kvoptions 2019/11/29 v3.13 Key value format for package options (HO)
)
\@linkdim=\dimen180
\Hy@linkcounter=\count295
\Hy@pagecounter=\count296

(c:/Software/texlive/2020/texmf-dist/tex/latex/hyperref/pd1enc.def
File: pd1enc.def 2020/01/14 v7.00d Hyperref: PDFDocEncoding definition (HO)
Now handling font encoding PD1 ...
... no UTF-8 mapping file for font encoding PD1
)
(c:/Software/texlive/2020/texmf-dist/tex/generic/intcalc/intcalc.sty
Package: intcalc 2019/12/15 v1.3 Expandable calculations with integers (HO)
)
(c:/Software/texlive/2020/texmf-dist/tex/generic/etexcmds/etexcmds.sty
Package: etexcmds 2019/12/15 v1.7 Avoid name clashes with e-TeX commands (HO)
)
\Hy@SavedSpaceFactor=\count297
Package hyperref Info: Option `unicode' set `true' on input line 4421.

(c:/Software/texlive/2020/texmf-dist/tex/latex/hyperref/puenc.def
File: puenc.def 2020/01/14 v7.00d Hyperref: PDF Unicode definition (HO)
Now handling font encoding PU ...
... no UTF-8 mapping file for font encoding PU
)
Package hyperref Info: Option `pdfusetitle' set `true' on input line 4421.
Package hyperref Info: Hyper figures OFF on input line 4547.
Package hyperref Info: Link nesting OFF on input line 4552.
Package hyperref Info: Hyper index ON on input line 4555.
Package hyperref Info: Plain pages OFF on input line 4562.
Package hyperref Info: Backreferencing OFF on input line 4567.
Package hyperref Info: Implicit mode ON; LaTeX internals redefined.
Package hyperref Info: Bookmarks ON on input line 4800.
\c@Hy@tempcnt=\count298

(c:/Software/texlive/2020/texmf-dist/tex/latex/url/url.sty
\Urlmuskip=\muskip16
Package: url 2013/09/16  ver 3.4  Verb mode for urls, etc.
)
LaTeX Info: Redefining \url on input line 5159.
\XeTeXLinkMargin=\dimen181

(c:/Software/texlive/2020/texmf-dist/tex/generic/bitset/bitset.sty
Package: bitset 2019/12/09 v1.3 Handle bit-vector datatype (HO)

(c:/Software/texlive/2020/texmf-dist/tex/generic/bigintcalc/bigintcalc.sty
Package: bigintcalc 2019/12/15 v1.5 Expandable calculations on big integers (HO
)
))
\Fld@menulength=\count299
\Field@Width=\dimen182
\Fld@charsize=\dimen183
Package hyperref Info: Hyper figures OFF on input line 6430.
Package hyperref Info: Link nesting OFF on input line 6435.
Package hyperref Info: Hyper index ON on input line 6438.
Package hyperref Info: backreferencing OFF on input line 6445.
Package hyperref Info: Link coloring OFF on input line 6450.
Package hyperref Info: Link coloring with OCG OFF on input line 6455.
Package hyperref Info: PDF/A mode OFF on input line 6460.
LaTeX Info: Redefining \ref on input line 6500.
LaTeX Info: Redefining \pageref on input line 6504.

(c:/Software/texlive/2020/texmf-dist/tex/generic/atbegshi/atbegshi.sty
Package: atbegshi 2019/12/05 v1.19 At begin shipout hook (HO)
)
\Hy@abspage=\count300
\c@Item=\count301
\c@Hfootnote=\count302
)
(c:/Software/texlive/2020/texmf-dist/tex/latex/memoir/memhfixc.sty
Package: memhfixc 2019/10/24 v1.18 nameref/hyperref package fixes for memoir cl
ass
\c@memhycontfloat=\count303
\c@Hpagenote=\count304
)
Package hyperref Info: Driver (autodetected): hpdftex.

(c:/Software/texlive/2020/texmf-dist/tex/latex/hyperref/hpdftex.def
File: hpdftex.def 2020/01/14 v7.00d Hyperref driver for pdfTeX

(c:/Software/texlive/2020/texmf-dist/tex/latex/atveryend/atveryend.sty
Package: atveryend 2019-12-11 v1.11 Hooks at the very end of document (HO)
Package atveryend Info: \enddocument detected (standard20110627).
)
\Fld@listcount=\count305
\c@bookmark@seq@number=\count306

(c:/Software/texlive/2020/texmf-dist/tex/latex/rerunfilecheck/rerunfilecheck.st
y
Package: rerunfilecheck 2019/12/05 v1.9 Rerun checks for auxiliary files (HO)

(c:/Software/texlive/2020/texmf-dist/tex/generic/uniquecounter/uniquecounter.st
y
Package: uniquecounter 2019/12/15 v1.4 Provide unlimited unique counter (HO)
)
Package uniquecounter Info: New unique counter `rerunfilecheck' on input line 2
86.
)
\Hy@SectionHShift=\skip191
) (c:/Software/texlive/2020/texmf-dist/tex/latex/ellipsis/ellipsis.sty
Package: ellipsis 2004/9/28 v1.6 ellipsis: fixes spacing around \dots 

(c:/Software/texlive/2020/texmf-dist/tex/latex/tools/xspace.sty
Package: xspace 2014/10/28 v1.13 Space after command names (DPC,MH)
))
(c:/Software/texlive/2020/texmf-dist/tex/latex/lm/lmodern.sty
Package: lmodern 2009/10/30 v1.6 Latin Modern Fonts
LaTeX Font Info:    Overwriting symbol font `operators' in version `normal'
(Font)                  OT1/cmr/m/n --> OT1/lmr/m/n on input line 22.
LaTeX Font Info:    Overwriting symbol font `letters' in version `normal'
(Font)                  OML/cmm/m/it --> OML/lmm/m/it on input line 23.
LaTeX Font Info:    Overwriting symbol font `symbols' in version `normal'
(Font)                  OMS/cmsy/m/n --> OMS/lmsy/m/n on input line 24.
LaTeX Font Info:    Overwriting symbol font `largesymbols' in version `normal'
(Font)                  OMX/cmex/m/n --> OMX/lmex/m/n on input line 25.
LaTeX Font Info:    Overwriting symbol font `operators' in version `bold'
(Font)                  OT1/cmr/bx/n --> OT1/lmr/bx/n on input line 26.
LaTeX Font Info:    Overwriting symbol font `letters' in version `bold'
(Font)                  OML/cmm/b/it --> OML/lmm/b/it on input line 27.
LaTeX Font Info:    Overwriting symbol font `symbols' in version `bold'
(Font)                  OMS/cmsy/b/n --> OMS/lmsy/b/n on input line 28.
LaTeX Font Info:    Overwriting symbol font `largesymbols' in version `bold'
(Font)                  OMX/cmex/m/n --> OMX/lmex/m/n on input line 29.
LaTeX Font Info:    Overwriting math alphabet `\mathbf' in version `normal'
(Font)                  OT1/cmr/bx/n --> OT1/lmr/bx/n on input line 31.
LaTeX Font Info:    Overwriting math alphabet `\mathsf' in version `normal'
(Font)                  OT1/cmss/m/n --> OT1/lmss/m/n on input line 32.
LaTeX Font Info:    Overwriting math alphabet `\mathit' in version `normal'
(Font)                  OT1/cmr/m/it --> OT1/lmr/m/it on input line 33.
LaTeX Font Info:    Overwriting math alphabet `\mathtt' in version `normal'
(Font)                  OT1/cmtt/m/n --> OT1/lmtt/m/n on input line 34.
LaTeX Font Info:    Overwriting math alphabet `\mathbf' in version `bold'
(Font)                  OT1/cmr/bx/n --> OT1/lmr/bx/n on input line 35.
LaTeX Font Info:    Overwriting math alphabet `\mathsf' in version `bold'
(Font)                  OT1/cmss/bx/n --> OT1/lmss/bx/n on input line 36.
LaTeX Font Info:    Overwriting math alphabet `\mathit' in version `bold'
(Font)                  OT1/cmr/bx/it --> OT1/lmr/bx/it on input line 37.
LaTeX Font Info:    Overwriting math alphabet `\mathtt' in version `bold'
(Font)                  OT1/cmtt/m/n --> OT1/lmtt/m/n on input line 38.
)
(c:/Software/texlive/2020/texmf-dist/tex/latex/graphics/graphicx.sty
Package: graphicx 2019/11/30 v1.2a Enhanced LaTeX Graphics (DPC,SPQR)

(c:/Software/texlive/2020/texmf-dist/tex/latex/graphics/graphics.sty
Package: graphics 2019/11/30 v1.4a Standard LaTeX Graphics (DPC,SPQR)

(c:/Software/texlive/2020/texmf-dist/tex/latex/graphics/trig.sty
Package: trig 2016/01/03 v1.10 sin cos tan (DPC)
)
(c:/Software/texlive/2020/texmf-dist/tex/latex/graphics-cfg/graphics.cfg
File: graphics.cfg 2016/06/04 v1.11 sample graphics configuration
)
Package graphics Info: Driver file: pdftex.def on input line 105.

(c:/Software/texlive/2020/texmf-dist/tex/latex/graphics-def/pdftex.def
File: pdftex.def 2018/01/08 v1.0l Graphics/color driver for pdftex
))
\Gin@req@height=\dimen184
\Gin@req@width=\dimen185
)
(c:/Software/texlive/2020/texmf-dist/tex/latex/etoolbox/etoolbox.sty
Package: etoolbox 2019/09/21 v2.5h e-TeX tools for LaTeX (JAW)
\etb@tempcnta=\count307
)

******************************************************
Stock height and width: 845.04684pt by 597.50787pt
Top and edge trims: 0pt and 0pt
Page height and width: 845.04684pt by 597.50787pt
Text height and width: 595.80026pt by 369pt
Spine and edge margins: 113.81102pt and 114.69685pt
Upper and lower margins: 126.74379pt and 122.50279pt
Headheight and headsep: 13.6pt and 19.8738pt
Footskip: 27.46295pt
Columnsep and columnseprule: 10pt and 0pt
Marginparsep and marginparwidth: 7pt and 100.69685pt
Sidecapsep and sidecapwidth: 7pt and 101pt
Sidebarhsep and sidebarwidth: 7pt and 101pt
Sidebarvsep and sidebartopsep: 13.6pt and 0pt
Sidebarheight: 594.32022pt
Sidefoothsep and sidefootwidth: 7pt and 101pt
Sidefootvsep and sidefootheight: 13.6pt and 594.32022pt
******************************************************

) (c:/Software/texlive/2020/texmf-dist/tex/latex/base/inputenc.sty
Package: inputenc 2018/08/11 v1.3c Input encoding file
\inpenc@prehook=\toks24
\inpenc@posthook=\toks25

(c:/Software/texlive/2020/texmf-dist/tex/latex/base/cp1250.def
File: cp1250.def 2018/08/11 v1.3c Input encoding file
))
(c:/Software/texlive/2020/texmf-dist/tex/generic/dirtree/dirtree.sty
Package: dirtree 2012/12/11 v0.32 package wrapper for dirtree

(c:/Software/texlive/2020/texmf-dist/tex/generic/dirtree/dirtree.tex
`dirtree' v0.32, 2012/12/11 (jcc)
\DT@offset=\dimen186
\DT@width=\dimen187
\DT@sep=\dimen188
\DT@all=\dimen189
\DT@rulewidth=\dimen190
\DT@dotwidth=\dimen191
\DTbaselineskip=\dimen192
\DT@counti=\count308
\DT@countii=\count309
\DT@countiii=\count310
\DT@countiv=\count311
\DT@indent=\dimen193
\DT@parskip=\dimen194
\DT@baselineskip=\dimen195
)
File: dirtree.tex 2012/12/11 v0.32 `dirtree' (jcc)
)
(c:/Software/texlive/2020/texmf-dist/tex/latex/amsfonts/amssymb.sty
Package: amssymb 2013/01/14 v3.01 AMS font symbols

(c:/Software/texlive/2020/texmf-dist/tex/latex/amsfonts/amsfonts.sty
Package: amsfonts 2013/01/14 v3.01 Basic AMSFonts support
\@emptytoks=\toks26
\symAMSa=\mathgroup4
\symAMSb=\mathgroup5
LaTeX Font Info:    Redeclaring math symbol \hbar on input line 98.
LaTeX Font Info:    Overwriting math alphabet `\mathfrak' in version `bold'
(Font)                  U/euf/m/n --> U/euf/b/n on input line 106.
))
(c:/Software/texlive/2020/texmf-dist/tex/latex/amsmath/amsmath.sty
Package: amsmath 2020/01/20 v2.17e AMS math features
\@mathmargin=\skip192

For additional information on amsmath, use the `?' option.
(c:/Software/texlive/2020/texmf-dist/tex/latex/amsmath/amstext.sty
Package: amstext 2000/06/29 v2.01 AMS text

(c:/Software/texlive/2020/texmf-dist/tex/latex/amsmath/amsgen.sty
File: amsgen.sty 1999/11/30 v2.0 generic functions
\@emptytoks=\toks27
\ex@=\dimen196
))
(c:/Software/texlive/2020/texmf-dist/tex/latex/amsmath/amsbsy.sty
Package: amsbsy 1999/11/29 v1.2d Bold Symbols
\pmbraise@=\dimen197
)
(c:/Software/texlive/2020/texmf-dist/tex/latex/amsmath/amsopn.sty
Package: amsopn 2016/03/08 v2.02 operator names
)
\inf@bad=\count312
LaTeX Info: Redefining \frac on input line 227.
\uproot@=\count313
\leftroot@=\count314
LaTeX Info: Redefining \overline on input line 389.
\classnum@=\count315
\DOTSCASE@=\count316
LaTeX Info: Redefining \ldots on input line 486.
LaTeX Info: Redefining \dots on input line 489.
LaTeX Info: Redefining \cdots on input line 610.
\Mathstrutbox@=\box50
\strutbox@=\box51
\big@size=\dimen198
LaTeX Font Info:    Redeclaring font encoding OML on input line 733.
LaTeX Font Info:    Redeclaring font encoding OMS on input line 734.
\macc@depth=\count317
\c@MaxMatrixCols=\count318
\dotsspace@=\muskip17
\c@parentequation=\count319
\dspbrk@lvl=\count320
\tag@help=\toks28
\row@=\count321
\column@=\count322
\maxfields@=\count323
\andhelp@=\toks29
\eqnshift@=\dimen256
\alignsep@=\dimen257
\tagshift@=\dimen258
\tagwidth@=\dimen259
\totwidth@=\dimen260
\lineht@=\dimen261
\@envbody=\toks30
\multlinegap=\skip193
\multlinetaggap=\skip194
\mathdisplay@stack=\toks31
LaTeX Info: Redefining \[ on input line 2859.
LaTeX Info: Redefining \] on input line 2860.
)

Class memoir Warning: For the caption package to function properly with memoir,
 we will now reset\caption and friends to kernel defaults and then let the capt
ion package take over. Remember: all caption configuration now goves via the ca
ption package interface, not the interface from the memoir class. .

(c:/Software/texlive/2020/texmf-dist/tex/latex/caption/caption.sty
Package: caption 2020/01/03 v3.4h Customizing captions (AR)

(c:/Software/texlive/2020/texmf-dist/tex/latex/caption/caption3.sty
Package: caption3 2020/01/03 v1.8h caption3 kernel (AR)
Package caption3 Info: TeX engine: e-TeX on input line 61.
\captionmargin=\dimen262
\captionmargin@=\dimen263
\captionwidth=\dimen264
\caption@tempdima=\dimen265
\caption@indent=\dimen266
\caption@parindent=\dimen267
\caption@hangindent=\dimen268
Package caption Info: memoir document class detected.
)
\c@caption@flags=\count324
\c@continuedfloat=\count325
Package caption Info: hyperref package is loaded.
)
(c:/Software/texlive/2020/texmf-dist/tex/latex/caption/subcaption.sty
Package: subcaption 2020/01/22 v1.3d Sub-captions (AR)
\c@subfigure=\count326
\c@subtable=\count327
)
(c:/Software/texlive/2020/texmf-dist/tex/latex/mathtools/mathtools.sty
Package: mathtools 2020/03/24 v1.24 mathematical typesetting tools

(c:/Software/texlive/2020/texmf-dist/tex/latex/tools/calc.sty
Package: calc 2017/05/25 v4.3 Infix arithmetic (KKT,FJ)
\calc@Acount=\count328
\calc@Bcount=\count329
\calc@Adimen=\dimen269
\calc@Bdimen=\dimen270
\calc@Askip=\skip195
\calc@Bskip=\skip196
LaTeX Info: Redefining \setlength on input line 80.
LaTeX Info: Redefining \addtolength on input line 81.
\calc@Ccount=\count330
\calc@Cskip=\skip197
)
(c:/Software/texlive/2020/texmf-dist/tex/latex/mathtools/mhsetup.sty
Package: mhsetup 2017/03/31 v1.3 programming setup (MH)
)
LaTeX Info: Thecontrolsequence`\('isalreadyrobust on input line 130.
LaTeX Info: Thecontrolsequence`\)'isalreadyrobust on input line 130.
LaTeX Info: Thecontrolsequence`\['isalreadyrobust on input line 130.
LaTeX Info: Thecontrolsequence`\]'isalreadyrobust on input line 130.
\g_MT_multlinerow_int=\count331
\l_MT_multwidth_dim=\dimen271
\origjot=\skip198
\l_MT_shortvdotswithinadjustabove_dim=\dimen272
\l_MT_shortvdotswithinadjustbelow_dim=\dimen273
\l_MT_above_intertext_sep=\dimen274
\l_MT_below_intertext_sep=\dimen275
\l_MT_above_shortintertext_sep=\dimen276
\l_MT_below_shortintertext_sep=\dimen277
\xmathstrut@box=\box52
\xmathstrut@dim=\dimen278
)
(c:/Software/texlive/2020/texmf-dist/tex/latex/esdiff/esdiff.sty
Package: esdiff 
)
(c:/Software/texlive/2020/texmf-dist/tex/latex/siunitx/siunitx.sty
(c:/Software/texlive/2020/texmf-dist/tex/latex/l3kernel/expl3.sty
Package: expl3 2020-04-06 L3 programming layer (loader) 

(c:/Software/texlive/2020/texmf-dist/tex/latex/l3backend/l3backend-pdfmode.def
File: l3backend-pdfmode.def 2020-03-12 L3 backend support: PDF mode
\l__kernel_color_stack_int=\count332
\l__pdf_internal_box=\box53
)) (c:/Software/texlive/2020/texmf-dist/tex/latex/l3packages/xparse/xparse.sty
Package: xparse 2020-03-06 L3 Experimental document command parser
\l__xparse_current_arg_int=\count333
\g__xparse_grabber_int=\count334
\l__xparse_m_args_int=\count335
\l__xparse_v_nesting_int=\count336
)
Package: siunitx 2020/02/25 v2.8b A comprehensive (SI) units package

(c:/Software/texlive/2020/texmf-dist/tex/latex/l3packages/l3keys2e/l3keys2e.sty
Package: l3keys2e 2020-03-06 LaTeX2e option processing using LaTeX3 keys
)
\l__siunitx_tmp_box=\box54
\l__siunitx_tmp_dim=\dimen279
\l__siunitx_tmp_int=\count337
\l__siunitx_number_mantissa_length_int=\count338
\l__siunitx_number_uncert_length_int=\count339
\l__siunitx_round_int=\count340
\l__siunitx_process_decimal_int=\count341
\l__siunitx_process_uncertainty_int=\count342
\l__siunitx_process_fixed_int=\count343
\l__siunitx_process_integer_min_int=\count344
\l__siunitx_process_precision_int=\count345
\l__siunitx_group_min_int=\count346
\l__siunitx_angle_marker_box=\box55
\l__siunitx_angle_unit_box=\box56
\l__siunitx_angle_marker_dim=\dimen280
\l__siunitx_angle_unit_dim=\dimen281
\l__siunitx_unit_int=\count347
\l__siunitx_unit_denominator_int=\count348
\l__siunitx_unit_numerator_int=\count349
\l__siunitx_unit_prefix_int=\count350
\l__siunitx_unit_prefix_base_int=\count351
\l__siunitx_unit_prefix_gram_int=\count352
\l__siunitx_number_product_int=\count353
\c__siunitx_one_fill_skip=\skip256
\l__siunitx_table_unit_align_skip=\skip257
\l__siunitx_table_exponent_dim=\dimen282
\l__siunitx_table_integer_dim=\dimen283
\l__siunitx_table_mantissa_dim=\dimen284
\l__siunitx_table_marker_dim=\dimen285
\l__siunitx_table_result_dim=\dimen286
\l__siunitx_table_uncert_dim=\dimen287
\l__siunitx_table_fill_pre_dim=\dimen288
\l__siunitx_table_fill_post_dim=\dimen289
\l__siunitx_table_fill_mid_dim=\dimen290
\l__siunitx_table_pre_box=\box57
\l__siunitx_table_post_box=\box58
\l__siunitx_table_mantissa_box=\box59
\l__siunitx_table_result_box=\box60
\l__siunitx_table_number_align_skip=\skip258
\l__siunitx_table_text_align_skip=\skip259
 (c:/Software/texlive/2020/texmf-dist/tex/latex/translator/translator.sty
Package: translator 2019-05-31 v1.12a Easy translation of strings in LaTeX
))
(c:/Software/texlive/2020/texmf-dist/tex/latex/pgf/basiclayer/pgf.sty
(c:/Software/texlive/2020/texmf-dist/tex/latex/pgf/utilities/pgfrcs.sty
(c:/Software/texlive/2020/texmf-dist/tex/generic/pgf/utilities/pgfutil-common.t
ex
\pgfutil@everybye=\toks32
\pgfutil@tempdima=\dimen291
\pgfutil@tempdimb=\dimen292

(c:/Software/texlive/2020/texmf-dist/tex/generic/pgf/utilities/pgfutil-common-l
ists.tex))
(c:/Software/texlive/2020/texmf-dist/tex/generic/pgf/utilities/pgfutil-latex.de
f
\pgfutil@abb=\box61
 (c:/Software/texlive/2020/texmf-dist/tex/latex/ms/everyshi.sty
Package: everyshi 2001/05/15 v3.00 EveryShipout Package (MS)
))
(c:/Software/texlive/2020/texmf-dist/tex/generic/pgf/utilities/pgfrcs.code.tex
(c:/Software/texlive/2020/texmf-dist/tex/generic/pgf/pgf.revision.tex)
Package: pgfrcs 2020/01/08 v3.1.5b (3.1.5b)
))
Package: pgf 2020/01/08 v3.1.5b (3.1.5b)

(c:/Software/texlive/2020/texmf-dist/tex/latex/pgf/basiclayer/pgfcore.sty
(c:/Software/texlive/2020/texmf-dist/tex/latex/pgf/systemlayer/pgfsys.sty
(c:/Software/texlive/2020/texmf-dist/tex/generic/pgf/systemlayer/pgfsys.code.te
x
Package: pgfsys 2020/01/08 v3.1.5b (3.1.5b)

(c:/Software/texlive/2020/texmf-dist/tex/generic/pgf/utilities/pgfkeys.code.tex
\pgfkeys@pathtoks=\toks33
\pgfkeys@temptoks=\toks34

(c:/Software/texlive/2020/texmf-dist/tex/generic/pgf/utilities/pgfkeysfiltered.
code.tex
\pgfkeys@tmptoks=\toks35
))
\pgf@x=\dimen293
\pgf@y=\dimen294
\pgf@xa=\dimen295
\pgf@ya=\dimen296
\pgf@xb=\dimen297
\pgf@yb=\dimen298
\pgf@xc=\dimen299
\pgf@yc=\dimen300
\pgf@xd=\dimen301
\pgf@yd=\dimen302
\w@pgf@writea=\write4
\r@pgf@reada=\read4
\c@pgf@counta=\count354
\c@pgf@countb=\count355
\c@pgf@countc=\count356
\c@pgf@countd=\count357
\t@pgf@toka=\toks36
\t@pgf@tokb=\toks37
\t@pgf@tokc=\toks38
\pgf@sys@id@count=\count358

(c:/Software/texlive/2020/texmf-dist/tex/generic/pgf/systemlayer/pgf.cfg
File: pgf.cfg 2020/01/08 v3.1.5b (3.1.5b)
)
Driver file for pgf: pgfsys-pdftex.def

(c:/Software/texlive/2020/texmf-dist/tex/generic/pgf/systemlayer/pgfsys-pdftex.
def
File: pgfsys-pdftex.def 2020/01/08 v3.1.5b (3.1.5b)

(c:/Software/texlive/2020/texmf-dist/tex/generic/pgf/systemlayer/pgfsys-common-
pdf.def
File: pgfsys-common-pdf.def 2020/01/08 v3.1.5b (3.1.5b)
)))
(c:/Software/texlive/2020/texmf-dist/tex/generic/pgf/systemlayer/pgfsyssoftpath
.code.tex
File: pgfsyssoftpath.code.tex 2020/01/08 v3.1.5b (3.1.5b)
\pgfsyssoftpath@smallbuffer@items=\count359
\pgfsyssoftpath@bigbuffer@items=\count360
)
(c:/Software/texlive/2020/texmf-dist/tex/generic/pgf/systemlayer/pgfsysprotocol
.code.tex
File: pgfsysprotocol.code.tex 2020/01/08 v3.1.5b (3.1.5b)
)) (c:/Software/texlive/2020/texmf-dist/tex/latex/xcolor/xcolor.sty
Package: xcolor 2016/05/11 v2.12 LaTeX color extensions (UK)

(c:/Software/texlive/2020/texmf-dist/tex/latex/graphics-cfg/color.cfg
File: color.cfg 2016/01/02 v1.6 sample color configuration
)
Package xcolor Info: Driver file: pdftex.def on input line 225.
Package xcolor Info: Model `cmy' substituted by `cmy0' on input line 1348.
Package xcolor Info: Model `hsb' substituted by `rgb' on input line 1352.
Package xcolor Info: Model `RGB' extended on input line 1364.
Package xcolor Info: Model `HTML' substituted by `rgb' on input line 1366.
Package xcolor Info: Model `Hsb' substituted by `hsb' on input line 1367.
Package xcolor Info: Model `tHsb' substituted by `hsb' on input line 1368.
Package xcolor Info: Model `HSB' substituted by `hsb' on input line 1369.
Package xcolor Info: Model `Gray' substituted by `gray' on input line 1370.
Package xcolor Info: Model `wave' substituted by `hsb' on input line 1371.
)
(c:/Software/texlive/2020/texmf-dist/tex/generic/pgf/basiclayer/pgfcore.code.te
x
Package: pgfcore 2020/01/08 v3.1.5b (3.1.5b)
 (c:/Software/texlive/2020/texmf-dist/tex/generic/pgf/math/pgfmath.code.tex
(c:/Software/texlive/2020/texmf-dist/tex/generic/pgf/math/pgfmathcalc.code.tex
(c:/Software/texlive/2020/texmf-dist/tex/generic/pgf/math/pgfmathutil.code.tex)

(c:/Software/texlive/2020/texmf-dist/tex/generic/pgf/math/pgfmathparser.code.te
x
\pgfmath@dimen=\dimen303
\pgfmath@count=\count361
\pgfmath@box=\box62
\pgfmath@toks=\toks39
\pgfmath@stack@operand=\toks40
\pgfmath@stack@operation=\toks41
)
(c:/Software/texlive/2020/texmf-dist/tex/generic/pgf/math/pgfmathfunctions.code
.tex
(c:/Software/texlive/2020/texmf-dist/tex/generic/pgf/math/pgfmathfunctions.basi
c.code.tex)
(c:/Software/texlive/2020/texmf-dist/tex/generic/pgf/math/pgfmathfunctions.trig
onometric.code.tex)
(c:/Software/texlive/2020/texmf-dist/tex/generic/pgf/math/pgfmathfunctions.rand
om.code.tex)
(c:/Software/texlive/2020/texmf-dist/tex/generic/pgf/math/pgfmathfunctions.comp
arison.code.tex)
(c:/Software/texlive/2020/texmf-dist/tex/generic/pgf/math/pgfmathfunctions.base
.code.tex)
(c:/Software/texlive/2020/texmf-dist/tex/generic/pgf/math/pgfmathfunctions.roun
d.code.tex)
(c:/Software/texlive/2020/texmf-dist/tex/generic/pgf/math/pgfmathfunctions.misc
.code.tex)
(c:/Software/texlive/2020/texmf-dist/tex/generic/pgf/math/pgfmathfunctions.inte
gerarithmetics.code.tex)))
(c:/Software/texlive/2020/texmf-dist/tex/generic/pgf/math/pgfmathfloat.code.tex
\c@pgfmathroundto@lastzeros=\count362
)) (c:/Software/texlive/2020/texmf-dist/tex/generic/pgf/math/pgfint.code.tex)
(c:/Software/texlive/2020/texmf-dist/tex/generic/pgf/basiclayer/pgfcorepoints.c
ode.tex
File: pgfcorepoints.code.tex 2020/01/08 v3.1.5b (3.1.5b)
\pgf@picminx=\dimen304
\pgf@picmaxx=\dimen305
\pgf@picminy=\dimen306
\pgf@picmaxy=\dimen307
\pgf@pathminx=\dimen308
\pgf@pathmaxx=\dimen309
\pgf@pathminy=\dimen310
\pgf@pathmaxy=\dimen311
\pgf@xx=\dimen312
\pgf@xy=\dimen313
\pgf@yx=\dimen314
\pgf@yy=\dimen315
\pgf@zx=\dimen316
\pgf@zy=\dimen317
)
(c:/Software/texlive/2020/texmf-dist/tex/generic/pgf/basiclayer/pgfcorepathcons
truct.code.tex
File: pgfcorepathconstruct.code.tex 2020/01/08 v3.1.5b (3.1.5b)
\pgf@path@lastx=\dimen318
\pgf@path@lasty=\dimen319
)
(c:/Software/texlive/2020/texmf-dist/tex/generic/pgf/basiclayer/pgfcorepathusag
e.code.tex
File: pgfcorepathusage.code.tex 2020/01/08 v3.1.5b (3.1.5b)
\pgf@shorten@end@additional=\dimen320
\pgf@shorten@start@additional=\dimen321
)
(c:/Software/texlive/2020/texmf-dist/tex/generic/pgf/basiclayer/pgfcorescopes.c
ode.tex
File: pgfcorescopes.code.tex 2020/01/08 v3.1.5b (3.1.5b)
\pgfpic=\box63
\pgf@hbox=\box64
\pgf@layerbox@main=\box65
\pgf@picture@serial@count=\count363
)
(c:/Software/texlive/2020/texmf-dist/tex/generic/pgf/basiclayer/pgfcoregraphics
tate.code.tex
File: pgfcoregraphicstate.code.tex 2020/01/08 v3.1.5b (3.1.5b)
\pgflinewidth=\dimen322
)
(c:/Software/texlive/2020/texmf-dist/tex/generic/pgf/basiclayer/pgfcoretransfor
mations.code.tex
File: pgfcoretransformations.code.tex 2020/01/08 v3.1.5b (3.1.5b)
\pgf@pt@x=\dimen323
\pgf@pt@y=\dimen324
\pgf@pt@temp=\dimen325
)
(c:/Software/texlive/2020/texmf-dist/tex/generic/pgf/basiclayer/pgfcorequick.co
de.tex
File: pgfcorequick.code.tex 2020/01/08 v3.1.5b (3.1.5b)
)
(c:/Software/texlive/2020/texmf-dist/tex/generic/pgf/basiclayer/pgfcoreobjects.
code.tex
File: pgfcoreobjects.code.tex 2020/01/08 v3.1.5b (3.1.5b)
)
(c:/Software/texlive/2020/texmf-dist/tex/generic/pgf/basiclayer/pgfcorepathproc
essing.code.tex
File: pgfcorepathprocessing.code.tex 2020/01/08 v3.1.5b (3.1.5b)
)
(c:/Software/texlive/2020/texmf-dist/tex/generic/pgf/basiclayer/pgfcorearrows.c
ode.tex
File: pgfcorearrows.code.tex 2020/01/08 v3.1.5b (3.1.5b)
\pgfarrowsep=\dimen326
)
(c:/Software/texlive/2020/texmf-dist/tex/generic/pgf/basiclayer/pgfcoreshade.co
de.tex
File: pgfcoreshade.code.tex 2020/01/08 v3.1.5b (3.1.5b)
\pgf@max=\dimen327
\pgf@sys@shading@range@num=\count364
\pgf@shadingcount=\count365
)
(c:/Software/texlive/2020/texmf-dist/tex/generic/pgf/basiclayer/pgfcoreimage.co
de.tex
File: pgfcoreimage.code.tex 2020/01/08 v3.1.5b (3.1.5b)

(c:/Software/texlive/2020/texmf-dist/tex/generic/pgf/basiclayer/pgfcoreexternal
.code.tex
File: pgfcoreexternal.code.tex 2020/01/08 v3.1.5b (3.1.5b)
\pgfexternal@startupbox=\box66
))
(c:/Software/texlive/2020/texmf-dist/tex/generic/pgf/basiclayer/pgfcorelayers.c
ode.tex
File: pgfcorelayers.code.tex 2020/01/08 v3.1.5b (3.1.5b)
)
(c:/Software/texlive/2020/texmf-dist/tex/generic/pgf/basiclayer/pgfcoretranspar
ency.code.tex
File: pgfcoretransparency.code.tex 2020/01/08 v3.1.5b (3.1.5b)
)
(c:/Software/texlive/2020/texmf-dist/tex/generic/pgf/basiclayer/pgfcorepatterns
.code.tex
File: pgfcorepatterns.code.tex 2020/01/08 v3.1.5b (3.1.5b)
)
(c:/Software/texlive/2020/texmf-dist/tex/generic/pgf/basiclayer/pgfcorerdf.code
.tex
File: pgfcorerdf.code.tex 2020/01/08 v3.1.5b (3.1.5b)
)))
(c:/Software/texlive/2020/texmf-dist/tex/generic/pgf/modules/pgfmoduleshapes.co
de.tex
File: pgfmoduleshapes.code.tex 2020/01/08 v3.1.5b (3.1.5b)
\pgfnodeparttextbox=\box67
)
(c:/Software/texlive/2020/texmf-dist/tex/generic/pgf/modules/pgfmoduleplot.code
.tex
File: pgfmoduleplot.code.tex 2020/01/08 v3.1.5b (3.1.5b)
)
(c:/Software/texlive/2020/texmf-dist/tex/latex/pgf/compatibility/pgfcomp-versio
n-0-65.sty
Package: pgfcomp-version-0-65 2020/01/08 v3.1.5b (3.1.5b)
\pgf@nodesepstart=\dimen328
\pgf@nodesepend=\dimen329
)
(c:/Software/texlive/2020/texmf-dist/tex/latex/pgf/compatibility/pgfcomp-versio
n-1-18.sty
Package: pgfcomp-version-1-18 2020/01/08 v3.1.5b (3.1.5b)
))
(c:/Software/texlive/2020/texmf-dist/tex/latex/pgf/frontendlayer/tikz.sty
(c:/Software/texlive/2020/texmf-dist/tex/latex/pgf/utilities/pgffor.sty
(c:/Software/texlive/2020/texmf-dist/tex/latex/pgf/utilities/pgfkeys.sty
(c:/Software/texlive/2020/texmf-dist/tex/generic/pgf/utilities/pgfkeys.code.tex
)) (c:/Software/texlive/2020/texmf-dist/tex/latex/pgf/math/pgfmath.sty
(c:/Software/texlive/2020/texmf-dist/tex/generic/pgf/math/pgfmath.code.tex))
(c:/Software/texlive/2020/texmf-dist/tex/generic/pgf/utilities/pgffor.code.tex
Package: pgffor 2020/01/08 v3.1.5b (3.1.5b)

(c:/Software/texlive/2020/texmf-dist/tex/generic/pgf/math/pgfmath.code.tex)
\pgffor@iter=\dimen330
\pgffor@skip=\dimen331
\pgffor@stack=\toks42
\pgffor@toks=\toks43
))
(c:/Software/texlive/2020/texmf-dist/tex/generic/pgf/frontendlayer/tikz/tikz.co
de.tex
Package: tikz 2020/01/08 v3.1.5b (3.1.5b)

(c:/Software/texlive/2020/texmf-dist/tex/generic/pgf/libraries/pgflibraryplotha
ndlers.code.tex
File: pgflibraryplothandlers.code.tex 2020/01/08 v3.1.5b (3.1.5b)
\pgf@plot@mark@count=\count366
\pgfplotmarksize=\dimen332
)
\tikz@lastx=\dimen333
\tikz@lasty=\dimen334
\tikz@lastxsaved=\dimen335
\tikz@lastysaved=\dimen336
\tikz@lastmovetox=\dimen337
\tikz@lastmovetoy=\dimen338
\tikzleveldistance=\dimen339
\tikzsiblingdistance=\dimen340
\tikz@figbox=\box68
\tikz@figbox@bg=\box69
\tikz@tempbox=\box70
\tikz@tempbox@bg=\box71
\tikztreelevel=\count367
\tikznumberofchildren=\count368
\tikznumberofcurrentchild=\count369
\tikz@fig@count=\count370

(c:/Software/texlive/2020/texmf-dist/tex/generic/pgf/modules/pgfmodulematrix.co
de.tex
File: pgfmodulematrix.code.tex 2020/01/08 v3.1.5b (3.1.5b)
\pgfmatrixcurrentrow=\count371
\pgfmatrixcurrentcolumn=\count372
\pgf@matrix@numberofcolumns=\count373
)
\tikz@expandcount=\count374

(c:/Software/texlive/2020/texmf-dist/tex/generic/pgf/frontendlayer/tikz/librari
es/tikzlibrarytopaths.code.tex
File: tikzlibrarytopaths.code.tex 2020/01/08 v3.1.5b (3.1.5b)
)))
(c:/Software/texlive/2020/texmf-dist/tex/generic/pgf/frontendlayer/tikz/librari
es/tikzlibraryarrows.code.tex
File: tikzlibraryarrows.code.tex 2020/01/08 v3.1.5b (3.1.5b)

(c:/Software/texlive/2020/texmf-dist/tex/generic/pgf/libraries/pgflibraryarrows
.code.tex
File: pgflibraryarrows.code.tex 2020/01/08 v3.1.5b (3.1.5b)
\arrowsize=\dimen341
))
(c:/Software/texlive/2020/texmf-dist/tex/generic/pgf/frontendlayer/tikz/librari
es/tikzlibraryautomata.code.tex
File: tikzlibraryautomata.code.tex 2020/01/08 v3.1.5b (3.1.5b)

(c:/Software/texlive/2020/texmf-dist/tex/generic/pgf/frontendlayer/tikz/librari
es/tikzlibraryshapes.multipart.code.tex
File: tikzlibraryshapes.multipart.code.tex 2020/01/08 v3.1.5b (3.1.5b)

(c:/Software/texlive/2020/texmf-dist/tex/generic/pgf/libraries/shapes/pgflibrar
yshapes.multipart.code.tex
File: pgflibraryshapes.multipart.code.tex 2020/01/08 v3.1.5b (3.1.5b)
\pgfnodepartlowerbox=\box72
\pgfnodeparttwobox=\box73
\pgfnodepartthreebox=\box74
\pgfnodepartfourbox=\box75
\pgfnodeparttwentybox=\box76
\pgfnodepartnineteenbox=\box77
\pgfnodeparteighteenbox=\box78
\pgfnodepartseventeenbox=\box79
\pgfnodepartsixteenbox=\box80
\pgfnodepartfifteenbox=\box81
\pgfnodepartfourteenbox=\box82
\pgfnodepartthirteenbox=\box83
\pgfnodeparttwelvebox=\box84
\pgfnodepartelevenbox=\box85
\pgfnodeparttenbox=\box86
\pgfnodepartninebox=\box87
\pgfnodeparteightbox=\box88
\pgfnodepartsevenbox=\box89
\pgfnodepartsixbox=\box90
\pgfnodepartfivebox=\box91
))) (./BP_Yorsh_Uladzislau_2020.aux)
\openout1 = `BP_Yorsh_Uladzislau_2020.aux'.

LaTeX Font Info:    Checking defaults for OML/cmm/m/it on input line 65.
LaTeX Font Info:    ... okay on input line 65.
LaTeX Font Info:    Checking defaults for OMS/cmsy/m/n on input line 65.
LaTeX Font Info:    ... okay on input line 65.
LaTeX Font Info:    Checking defaults for OT1/cmr/m/n on input line 65.
LaTeX Font Info:    ... okay on input line 65.
LaTeX Font Info:    Checking defaults for T1/cmr/m/n on input line 65.
LaTeX Font Info:    ... okay on input line 65.
LaTeX Font Info:    Checking defaults for TS1/cmr/m/n on input line 65.
LaTeX Font Info:    ... okay on input line 65.
LaTeX Font Info:    Checking defaults for OMX/cmex/m/n on input line 65.
LaTeX Font Info:    ... okay on input line 65.
LaTeX Font Info:    Checking defaults for U/cmr/m/n on input line 65.
LaTeX Font Info:    ... okay on input line 65.
LaTeX Font Info:    Checking defaults for PD1/pdf/m/n on input line 65.
LaTeX Font Info:    ... okay on input line 65.
LaTeX Font Info:    Checking defaults for PU/pdf/m/n on input line 65.
LaTeX Font Info:    ... okay on input line 65.
LaTeX Font Info:    Trying to load font information for OT1+lmr on input line 6
5.

(c:/Software/texlive/2020/texmf-dist/tex/latex/lm/ot1lmr.fd
File: ot1lmr.fd 2009/10/30 v1.6 Font defs for Latin Modern
)
\AtBeginShipoutBox=\box92
Package hyperref Info: Link coloring OFF on input line 65.

(c:/Software/texlive/2020/texmf-dist/tex/latex/hyperref/nameref.sty
Package: nameref 2019/09/16 v2.46 Cross-referencing by name of section

(c:/Software/texlive/2020/texmf-dist/tex/latex/refcount/refcount.sty
Package: refcount 2019/12/15 v3.6 Data extraction from label references (HO)
)
(c:/Software/texlive/2020/texmf-dist/tex/generic/gettitlestring/gettitlestring.
sty
Package: gettitlestring 2019/12/15 v1.6 Cleanup title references (HO)
)
\c@section@level=\count375
)
Redoing nameref's sectioning
Redoing nameref's label
LaTeX Info: Redefining \nameref on input line 65.
LaTeX Info: Redefining \ref on input line 65.
LaTeX Info: Redefining \pageref on input line 65.
LaTeX Info: Redefining \nameref on input line 65.
(./BP_Yorsh_Uladzislau_2020.out) (./BP_Yorsh_Uladzislau_2020.out)
\@outlinefile=\write5
\openout5 = `BP_Yorsh_Uladzislau_2020.out'.

LaTeX Info: Redefining \dots on input line 65.

(c:/Software/texlive/2020/texmf-dist/tex/context/base/mkii/supp-pdf.mkii
[Loading MPS to PDF converter (version 2006.09.02).]
\scratchcounter=\count376
\scratchdimen=\dimen342
\scratchbox=\box93
\nofMPsegments=\count377
\nofMParguments=\count378
\everyMPshowfont=\toks44
\MPscratchCnt=\count379
\MPscratchDim=\dimen343
\MPnumerator=\count380
\makeMPintoPDFobject=\count381
\everyMPtoPDFconversion=\toks45
) (c:/Software/texlive/2020/texmf-dist/tex/latex/epstopdf-pkg/epstopdf-base.sty
Package: epstopdf-base 2020-01-24 v2.11 Base part for package epstopdf
Package epstopdf-base Info: Redefining graphics rule for `.eps' on input line 4
85.
(c:/Software/texlive/2020/texmf-dist/tex/latex/latexconfig/epstopdf-sys.cfg
File: epstopdf-sys.cfg 2010/07/13 v1.3 Configuration of (r)epstopdf for TeX Liv
e
))
Package caption Info: Begin \AtBeginDocument code.
Package caption Info: End \AtBeginDocument code.

(c:/Software/texlive/2020/texmf-dist/tex/latex/translator/translator-basic-dict
ionary-English.dict
Dictionary: translator-basic-dictionary, Language: English 
)
(c:/Software/texlive/2020/texmf-dist/tex/latex/siunitx/siunitx-abbreviations.cf
g
File: siunitx-abbreviations.cfg 2017/11/26 v2.7k siunitx: Abbreviated units
) ABD: EveryShipout initializing macros [1

{c:/Software/texlive/2020/texmf-var/fonts/map/pdftex/updmap/pdftex.map}] [2

]
<cvut-logo-bw-en.pdf, id=290, 591.64943pt x 193.23091pt>
File: cvut-logo-bw-en.pdf Graphic file (type pdf)
<use cvut-logo-bw-en.pdf>
Package pdftex.def Info: cvut-logo-bw-en.pdf  used on input line 65.
(pdftex.def)             Requested size: 184.5pt x 60.25772pt.
 [1

 <./cvut-logo-bw-en.pdf>] [2

]

LaTeX Font Warning: Font shape `OT1/lmr/bx/sc' undefined
(Font)              using `OT1/lmr/bx/n' instead on input line 65.

LaTeX Font Info:    Trying to load font information for OT1+lmss on input line 
65.
(c:/Software/texlive/2020/texmf-dist/tex/latex/lm/ot1lmss.fd
File: ot1lmss.fd 2009/10/30 v1.6 Font defs for Latin Modern
)

LaTeX Font Warning: Font shape `OT1/lmss/bx/sc' undefined
(Font)              using `OT1/lmss/bx/n' instead on input line 65.

[3

]
LaTeX Font Info:    Trying to load font information for TS1+lmr on input line 6
5.
 (c:/Software/texlive/2020/texmf-dist/tex/latex/lm/ts1lmr.fd
File: ts1lmr.fd 2009/10/30 v1.6 Font defs for Latin Modern
) [4

] [5

]
[6] (./BP_Yorsh_Uladzislau_2020.toc
LaTeX Font Info:    Trying to load font information for OML+lmm on input line 8
.

(c:/Software/texlive/2020/texmf-dist/tex/latex/lm/omllmm.fd
File: omllmm.fd 2009/10/30 v1.6 Font defs for Latin Modern
)
LaTeX Font Info:    Trying to load font information for OMS+lmsy on input line 
8.

(c:/Software/texlive/2020/texmf-dist/tex/latex/lm/omslmsy.fd
File: omslmsy.fd 2009/10/30 v1.6 Font defs for Latin Modern
)
LaTeX Font Info:    Trying to load font information for OMX+lmex on input line 
8.

(c:/Software/texlive/2020/texmf-dist/tex/latex/lm/omxlmex.fd
File: omxlmex.fd 2009/10/30 v1.6 Font defs for Latin Modern
)
LaTeX Font Info:    External font `lmex10' loaded for size
(Font)              <10.95> on input line 8.
LaTeX Font Info:    External font `lmex10' loaded for size
(Font)              <8> on input line 8.
LaTeX Font Info:    External font `lmex10' loaded for size
(Font)              <6> on input line 8.
LaTeX Font Info:    Trying to load font information for U+msa on input line 8.

(c:/Software/texlive/2020/texmf-dist/tex/latex/amsfonts/umsa.fd
File: umsa.fd 2013/01/14 v3.01 AMS symbols A
)
LaTeX Font Info:    Trying to load font information for U+msb on input line 8.

(c:/Software/texlive/2020/texmf-dist/tex/latex/amsfonts/umsb.fd
File: umsb.fd 2013/01/14 v3.01 AMS symbols B
) [7

]
Underfull \vbox (badness 1122) has occurred while \output is active []

 [8])
[9] [10

] (./BP_Yorsh_Uladzislau_2020.lof
Overfull \hbox (0.41478pt too wide) in paragraph at lines 13--13
 [][] [][]\OT1/lmr/m/n/10.95 Gradient de-scent vi-su-al-iza-tion. The two-dimen
sional vari-able space 
 []


Underfull \vbox (badness 10000) has occurred while \output is active []

 [11]
Overfull \hbox (6.66638pt too wide) in paragraph at lines 24--24
 [][] [][]\OT1/lmr/m/n/10.95 Model av-er-ag-ing il-lus-trated. By av-er-ag-ing 
sev-eral mod-els a smoother 
 []

[12]
Underfull \vbox (badness 10000) has occurred while \output is active []

 [13])
[14]
LaTeX Font Info:    Trying to load font information for OT1+lmtt on input line 
65.
 (c:/Software/texlive/2020/texmf-dist/tex/latex/lm/ot1lmtt.fd
File: ot1lmtt.fd 2009/10/30 v1.6 Font defs for Latin Modern
)pdfTeX warning (ext4): destination with the same identifier (name{page.1}) has
 been already used, duplicate ignored
<to be read again> 
                   \relax 
l.84 	\chapter
              {Background} [1



]pdfTeX warning (ext4): destination with the same identifier (name{page.2}) has
 been already used, duplicate ignored
<to be read again> 
                   \relax 
l.84 	\chapter
              {Background} [2

] [3]
Overfull \hbox (2.86745pt too wide) in paragraph at lines 101--102
[]\OT1/lmr/bx/n/10.95 More ex-otic branches\OT1/lmr/m/n/10.95 , such as semi-su
pervised learn-ing, meta-learning
 []

[4]
<images/overfit.png, id=674, 598.235pt x 584.1825pt>
File: images/overfit.png Graphic file (type png)
<use images/overfit.png>
Package pdftex.def Info: images/overfit.png  used on input line 131.
(pdftex.def)             Requested size: 209.38538pt x 204.46693pt.
<images/generic_loss_graph.png, id=676, 598.235pt x 584.1825pt>
File: images/generic_loss_graph.png Graphic file (type png)
<use images/generic_loss_graph.png>
Package pdftex.def Info: images/generic_loss_graph.png  used on input line 140.

(pdftex.def)             Requested size: 209.38538pt x 204.46693pt.


LaTeX Warning: `h' float specifier changed to `ht'.

[5 <./images/overfit.png>] [6 <./images/generic_loss_graph.png>] [7] [8]
<images/neuron.png, id=705, 760.8425pt x 325.215pt>
File: images/neuron.png Graphic file (type png)
<use images/neuron.png>
Package pdftex.def Info: images/neuron.png  used on input line 218.
(pdftex.def)             Requested size: 284.52756pt x 121.62283pt.
<images/neuron_model.jpeg, id=706, 661.47125pt x 377.41pt>
File: images/neuron_model.jpeg Graphic file (type jpg)
<use images/neuron_model.jpeg>
Package pdftex.def Info: images/neuron_model.jpeg  used on input line 220.
(pdftex.def)             Requested size: 284.52756pt x 162.33496pt.


LaTeX Warning: `h' float specifier changed to `ht'.

[9] [10 <./images/neuron.png> <./images/neuron_model.jpeg>]
<images/ffnn.png, id=723, 596.2275pt x 413.29407pt>
File: images/ffnn.png Graphic file (type png)
<use images/ffnn.png>
Package pdftex.def Info: images/ffnn.png  used on input line 251.
(pdftex.def)             Requested size: 369.0pt x 255.7856pt.
 [11 <./images/ffnn.png>] [12]
<images/grad.png, id=745, 490.08093pt x 295.1025pt>
File: images/grad.png Graphic file (type png)
<use images/grad.png>
Package pdftex.def Info: images/grad.png  used on input line 280.
(pdftex.def)             Requested size: 369.0pt x 222.19987pt.
 [13 <./images/grad.png>]
<images/low_lr.png, id=752, 797.98125pt x 450.68375pt>
File: images/low_lr.png Graphic file (type png)
<use images/low_lr.png>
Package pdftex.def Info: images/low_lr.png  used on input line 297.
(pdftex.def)             Requested size: 369.0pt x 208.40358pt.
<images/high_lr.png, id=753, 582.67688pt x 320.69812pt>
File: images/high_lr.png Graphic file (type png)
<use images/high_lr.png>
Package pdftex.def Info: images/high_lr.png  used on input line 298.
(pdftex.def)             Requested size: 369.0pt x 203.09785pt.
 [14 <./images/low_lr.png> <./images/high_lr.png>]
Underfull \vbox (badness 4582) has occurred while \output is active []

 [15]
Overfull \hbox (3.86682pt too wide) in paragraph at lines 420--421
\OT1/lmr/bx/n/10.95 Stochas-tic Gra-di-ent De-scent (SGD)\OT1/lmr/m/n/10.95 . "
Stochas-tic" means that that batches
 []

[16]
<images/activations.png, id=775, 620.3175pt x 599.23875pt>
File: images/activations.png Graphic file (type png)
<use images/activations.png>
Package pdftex.def Info: images/activations.png  used on input line 428.
(pdftex.def)             Requested size: 217.11438pt x 209.7367pt.
 [17 <./images/activations.png>]
<images/dropout.jpeg, id=785, 616.3025pt x 329.23pt>
File: images/dropout.jpeg Graphic file (type jpg)
<use images/dropout.jpeg>
Package pdftex.def Info: images/dropout.jpeg  used on input line 450.
(pdftex.def)             Requested size: 369.0pt x 197.12256pt.


LaTeX Warning: `h' float specifier changed to `ht'.


Underfull \vbox (badness 1783) has occurred while \output is active []

 [18]
[19 <./images/dropout.jpeg>] [20]
<images/vgg16.png, id=809, 471.7625pt x 277.035pt>
File: images/vgg16.png Graphic file (type png)
<use images/vgg16.png>
Package pdftex.def Info: images/vgg16.png  used on input line 493.
(pdftex.def)             Requested size: 311.3642pt x 182.84366pt.
 [21 <./images/vgg16.png (PNG copy)>]
<images/pool.png, id=821, 458.46281pt x 346.29375pt>
File: images/pool.png Graphic file (type png)
<use images/pool.png>
Package pdftex.def Info: images/pool.png  used on input line 508.
(pdftex.def)             Requested size: 229.23083pt x 173.14644pt.
 [22 <./images/pool.png>] [23]
<images/regularization.png, id=831, 598.235pt x 584.1825pt>
File: images/regularization.png Graphic file (type png)
<use images/regularization.png>
Package pdftex.def Info: images/regularization.png  used on input line 576.
(pdftex.def)             Requested size: 227.62376pt x 170.71892pt.
 [24 <./images/regularization.png>]
<images/cross_validation.png, id=837, 429.85594pt x 291.33844pt>
File: images/cross_validation.png Graphic file (type png)
<use images/cross_validation.png>
Package pdftex.def Info: images/cross_validation.png  used on input line 594.
(pdftex.def)             Requested size: 214.92744pt x 145.66885pt.
 [25 <./images/cross_validation.png>]
<images/ensembling.png, id=843, 598.235pt x 584.1825pt>
File: images/ensembling.png Graphic file (type png)
<use images/ensembling.png>
Package pdftex.def Info: images/ensembling.png  used on input line 610.
(pdftex.def)             Requested size: 209.38538pt x 204.46693pt.

Overfull \hbox (6.90807pt too wide) in paragraph at lines 614--615
\OT1/lmr/m/n/10.95 smoother func-tion is be-ing ob-tained. Same as in case of r
eg-u-lar-iza-tion, smoother
 []

[26 <./images/ensembling.png>] [27

] [28]
<images/batchnorm_performance.png, id=870, 310.91156pt x 176.91093pt>
File: images/batchnorm_performance.png Graphic file (type png)
<use images/batchnorm_performance.png>
Package pdftex.def Info: images/batchnorm_performance.png  used on input line 6
57.
(pdftex.def)             Requested size: 310.91078pt x 176.91049pt.
 [29 <./images/batchnorm_performance.png>]
Overfull \hbox (0.25647pt too wide) in paragraph at lines 667--669
\OT1/lmr/m/n/10.95 Coupled with the fact that BN pre-vents gra-di-ent ex-plo-si
on, higher weight
 []

[30] [31] [32]
<images/degradation.png, id=903, 319.94531pt x 116.68594pt>
File: images/degradation.png Graphic file (type png)
<use images/degradation.png>
Package pdftex.def Info: images/degradation.png  used on input line 745.
(pdftex.def)             Requested size: 319.94452pt x 116.68564pt.

Overfull \hbox (0.13298pt too wide) in paragraph at lines 751--752
[]\OT1/lmr/m/n/10.95 But the se-quen-tial layer ar-range-ment lim-its train-ing
 ca-pa-bil-i-ties of CNNs---
 []

[33 <./images/degradation.png>]
<images/residual_results.png, id=917, 569.87906pt x 181.42781pt>
File: images/residual_results.png Graphic file (type png)
<use images/residual_results.png>
Package pdftex.def Info: images/residual_results.png  used on input line 761.
(pdftex.def)             Requested size: 369.0pt x 117.47543pt.
<images/dense_block.png, id=920, 529.22719pt x 388.45125pt>
File: images/dense_block.png Graphic file (type png)
<use images/dense_block.png>
Package pdftex.def Info: images/dense_block.png  used on input line 771.
(pdftex.def)             Requested size: 349.29102pt x 256.3786pt.


LaTeX Warning: `h' float specifier changed to `ht'.


Underfull \vbox (badness 10000) has occurred while \output is active []

 [34 <./images/residual_results.png>] [35 <./images/dense_block.png>] [36] [37]
<images/segmentation.jpeg, id=954, 376.40625pt x 283.0575pt>
File: images/segmentation.jpeg Graphic file (type jpg)
<use images/segmentation.jpeg>
Package pdftex.def Info: images/segmentation.jpeg  used on input line 839.
(pdftex.def)             Requested size: 282.30399pt x 212.29259pt.
 [38]
<images/rcnn.jpeg, id=962, 602.25pt x 207.02344pt>
File: images/rcnn.jpeg Graphic file (type jpg)
<use images/rcnn.jpeg>
Package pdftex.def Info: images/rcnn.jpeg  used on input line 853.
(pdftex.def)             Requested size: 301.12425pt x 103.51146pt.

[39 <./images/segmentation.jpeg> <./images/rcnn.jpeg>]
<images/fast_rcnn.png, id=970, 602.25pt x 230.36063pt>
File: images/fast_rcnn.png Graphic file (type png)
<use images/fast_rcnn.png>
Package pdftex.def Info: images/fast_rcnn.png  used on input line 865.
(pdftex.def)             Requested size: 301.12425pt x 115.18002pt.
 [40 <./images/fast_rcnn.png (PNG copy)>]
<images/faster_rcnn_overall.png, id=979, 414.04688pt x 408.02437pt>
File: images/faster_rcnn_overall.png Graphic file (type png)
<use images/faster_rcnn_overall.png>
Package pdftex.def Info: images/faster_rcnn_overall.png  used on input line 885
.
(pdftex.def)             Requested size: 165.6158pt x 163.20685pt.
<images/anchors.png, id=980, 376.40625pt x 223.58531pt>
File: images/anchors.png Graphic file (type png)
<use images/anchors.png>
Package pdftex.def Info: images/anchors.png  used on input line 888.
(pdftex.def)             Requested size: 188.20265pt x 111.79237pt.

Overfull \hbox (11.08423pt too wide) in paragraph at lines 888--889
[][] 
 []

[41 <./images/faster_rcnn_overall.png (PNG copy)> <./images/anchors.png (PNG co
py)>] [42]
<images/mrcnn.png, id=995, 475.7775pt x 219.06844pt>
File: images/mrcnn.png Graphic file (type png)
<use images/mrcnn.png>
Package pdftex.def Info: images/mrcnn.png  used on input line 920.
(pdftex.def)             Requested size: 314.01411pt x 144.5856pt.
<images/bilinear_interpolation.png, id=999, 289.08pt x 276.43275pt>
File: images/bilinear_interpolation.png Graphic file (type png)
<use images/bilinear_interpolation.png>
Package pdftex.def Info: images/bilinear_interpolation.png  used on input line 
935.
(pdftex.def)             Requested size: 115.62994pt x 110.57114pt.
<images/roi_align.png, id=1000, 168.63pt x 165.61874pt>
File: images/roi_align.png Graphic file (type png)
<use images/roi_align.png>
Package pdftex.def Info: images/roi_align.png  used on input line 939.
(pdftex.def)             Requested size: 118.04018pt x 115.93231pt.


LaTeX Warning: `h' float specifier changed to `ht'.

[43 <./images/mrcnn.png>]
<images/mask_predictors.png, id=1013, 533.74406pt x 176.91093pt>
File: images/mask_predictors.png Graphic file (type png)
<use images/mask_predictors.png>
Package pdftex.def Info: images/mask_predictors.png  used on input line 964.
(pdftex.def)             Requested size: 320.2489pt x 106.14737pt.
 [44 <./images/bilinear_interpolation.png (PNG copy)> <./images/roi_align.png>]
 [45 <./images/mask_predictors.png>] [46

]
<images/erosion_regions.png, id=1038, 519.9425pt x 618.31pt>
File: images/erosion_regions.png Graphic file (type png)
<use images/erosion_regions.png>
Package pdftex.def Info: images/erosion_regions.png  used on input line 987.
(pdftex.def)             Requested size: 191.4078pt x 227.62204pt.

Overfull \hbox (14.28938pt too wide) in paragraph at lines 987--988
 [][] 
 []

<images/narrowing_regions.png, id=1039, 560.0925pt x 677.53125pt>
File: images/narrowing_regions.png Graphic file (type png)
<use images/narrowing_regions.png>
Package pdftex.def Info: images/narrowing_regions.png  used on input line 991.
(pdftex.def)             Requested size: 188.16415pt x 227.62204pt.

Overfull \hbox (11.04573pt too wide) in paragraph at lines 991--992
 [][] 
 []


LaTeX Warning: `h' float specifier changed to `ht'.

[47]
<images/sample_counts_fe.png, id=1045, 516.93124pt x 491.8375pt>
File: images/sample_counts_fe.png Graphic file (type png)
<use images/sample_counts_fe.png>
Package pdftex.def Info: images/sample_counts_fe.png  used on input line 1014.
(pdftex.def)             Requested size: 179.42209pt x 170.71652pt.
<images/sample_counts_rest.png, id=1046, 965.6075pt x 491.8375pt>
File: images/sample_counts_rest.png Graphic file (type png)
<use images/sample_counts_rest.png>
Package pdftex.def Info: images/sample_counts_rest.png  used on input line 1015
.
(pdftex.def)             Requested size: 335.1535pt x 170.71652pt.


LaTeX Warning: `h' float specifier changed to `ht'.

<images/UAB002-LH.jpg, id=1047, 1412.27625pt x 1865.97125pt>
File: images/UAB002-LH.jpg Graphic file (type jpg)
<use images/UAB002-LH.jpg>
Package pdftex.def Info: images/UAB002-LH.jpg  used on input line 1028.
(pdftex.def)             Requested size: 129.18968pt x 170.71652pt.
<images/UAB002-RF.jpg, id=1048, 799.98875pt x 1460.45625pt>
File: images/UAB002-RF.jpg Graphic file (type jpg)
<use images/UAB002-RF.jpg>
Package pdftex.def Info: images/UAB002-RF.jpg  used on input line 1033.
(pdftex.def)             Requested size: 93.5043pt x 170.71652pt.
[48 <./images/erosion_regions.png> <./images/narrowing_regions.png>]

LaTeX Warning: `h' float specifier changed to `ht'.

[49 <./images/sample_counts_fe.png> <./images/sample_counts_rest.png>] [50 <./i
mages/UAB002-LH.jpg> <./images/UAB002-RF.jpg>]
<images/feet_model_class_loss.png, id=1071, 265.74281pt x 255.20343pt>
File: images/feet_model_class_loss.png Graphic file (type png)
<use images/feet_model_class_loss.png>
Package pdftex.def Info: images/feet_model_class_loss.png  used on input line 1
081.
(pdftex.def)             Requested size: 177.77507pt x 170.71652pt.

Overfull \hbox (0.65665pt too wide) in paragraph at lines 1081--1082
 [][] 
 []

<images/hands_model_class_loss.png, id=1072, 273.27094pt x 255.95625pt>
File: images/hands_model_class_loss.png Graphic file (type png)
<use images/hands_model_class_loss.png>
Package pdftex.def Info: images/hands_model_class_loss.png  used on input line 
1086.
(pdftex.def)             Requested size: 182.26494pt x 170.71652pt.

Overfull \hbox (5.14651pt too wide) in paragraph at lines 1086--1087
 [][] 
 []

<images/wrist_erosion_loss.png, id=1073, 269.50688pt x 256.70906pt>
File: images/wrist_erosion_loss.png Graphic file (type png)
<use images/wrist_erosion_loss.png>
Package pdftex.def Info: images/wrist_erosion_loss.png  used on input line 1091
.
(pdftex.def)             Requested size: 179.22804pt x 170.71652pt.

Overfull \hbox (2.10962pt too wide) in paragraph at lines 1091--1092
 [][] 
 []

<images/wrist_narrowing_class_loss.png, id=1074, 268.00125pt x 254.45062pt>
File: images/wrist_narrowing_class_loss.png Graphic file (type png)
<use images/wrist_narrowing_class_loss.png>
Package pdftex.def Info: images/wrist_narrowing_class_loss.png  used on input l
ine 1096.
(pdftex.def)             Requested size: 179.81343pt x 170.71652pt.

Overfull \hbox (2.695pt too wide) in paragraph at lines 1096--1097
 [][] 
 []


LaTeX Warning: `h' float specifier changed to `ht'.

[51] [52 <./images/feet_model_class_loss.png> <./images/hands_model_class_loss.
png> <./images/wrist_erosion_loss.png> <./images/wrist_narrowing_class_loss.png
>] [53]
Overfull \hbox (17.43967pt too wide) in paragraph at lines 1155--1156
[]\OT1/lmr/m/n/10.95 The first model vari-ant was ini-tial-ized by Im-a-geNet w
eights from DenseNet121.
 []

[54]
<images/validation_results.png, id=1097, 666.49pt x 621.32124pt>
File: images/validation_results.png Graphic file (type png)
<use images/validation_results.png>
Package pdftex.def Info: images/validation_results.png  used on input line 1171
.
(pdftex.def)             Requested size: 183.12769pt x 170.71652pt.

Overfull \hbox (6.00926pt too wide) in paragraph at lines 1171--1172
 [][] 
 []

<images/test_results.png, id=1098, 680.5425pt x 621.32124pt>
File: images/test_results.png Graphic file (type png)
<use images/test_results.png>
Package pdftex.def Info: images/test_results.png  used on input line 1176.
(pdftex.def)             Requested size: 186.9888pt x 170.71652pt.

Overfull \hbox (9.87038pt too wide) in paragraph at lines 1176--1177
 [][] 
 []


Underfull \vbox (badness 10000) has occurred while \output is active []

 [55 <./images/validation_results.png> <./images/test_results.png>] [56]
Overfull \hbox (7.97234pt too wide) in paragraph at lines 1217--1218
\OT1/lmr/m/n/10.95 for-mance. The next em-ployed ap-proach was an oversampling-
--duplicating
 []

<images/oversampling.png, id=1109, 1039.885pt x 359.3425pt>
File: images/oversampling.png Graphic file (type png)
<use images/oversampling.png>
Package pdftex.def Info: images/oversampling.png  used on input line 1221.
(pdftex.def)             Requested size: 369.0pt x 127.5099pt.
[57 <./images/oversampling.png>]
<images/losses.png, id=1116, 597.23125pt x 577.15625pt>
File: images/losses.png Graphic file (type png)
<use images/losses.png>
Package pdftex.def Info: images/losses.png  used on input line 1245.
(pdftex.def)             Requested size: 147.21144pt x 142.26378pt.
<images/loss_derivatives.png, id=1117, 596.2275pt x 577.15625pt>
File: images/loss_derivatives.png Graphic file (type png)
<use images/loss_derivatives.png>
Package pdftex.def Info: images/loss_derivatives.png  used on input line 1250.
(pdftex.def)             Requested size: 146.96404pt x 142.26378pt.
 [58] [59 <./images/losses.png> <./images/loss_derivatives.png>] [60] (./BP_Yor
sh_Uladzislau_2020.bbl [61

] [62

]
bibitemlist

Underfull \hbox (badness 1314) in paragraph at lines 37--40
\OT1/lmr/m/n/10.95 vol-ume abs/1409.4842, 2014, []$\OT1/lmtt/m/n/10.95 1409\OML
/lmm/m/it/10.95 :\OT1/lmtt/m/n/10.95 4842$[]\OT1/lmr/m/n/10.95 . Avail-able fro
m: []$\OT1/lmtt/m/n/10.95 http : / /
 []


Underfull \hbox (badness 2150) in paragraph at lines 52--55
\OT1/lmr/m/n/10.95 Avail-able from: []$\OT1/lmtt/m/n/10.95 https : / / engineer
ing\OML/lmm/m/it/10.95 :\OT1/lmtt/m/n/10.95 matterport\OML/lmm/m/it/10.95 :\OT1
/lmtt/m/n/10.95 com / splash -[] of -[]
 []


Underfull \hbox (badness 10000) in paragraph at lines 52--55
\OT1/lmtt/m/n/10.95 color -[] instance -[] segmentation -[] with -[] mask -[] r
 -[] cnn -[] and -[] tensorflow -[]
 []

[63]
Underfull \hbox (badness 2521) in paragraph at lines 79--83
[]\OT1/lmr/m/n/10.95 Wikipedia con-trib-u-tors. Bi-lin-ear in-ter-po-la-tion --
- Wikipedia, The
 []


Underfull \hbox (badness 4940) in paragraph at lines 79--83
\OT1/lmr/m/n/10.95 Free En-cy-clo-pe-dia. []$\OT1/lmtt/m/n/10.95 https : / / en
\OML/lmm/m/it/10.95 :\OT1/lmtt/m/n/10.95 wikipedia\OML/lmm/m/it/10.95 :\OT1/lmt
t/m/n/10.95 org / w / index\OML/lmm/m/it/10.95 :\OT1/lmtt/m/n/10.95 php?title =

 []


Underfull \hbox (badness 2080) in paragraph at lines 101--107
[]\OT1/lmr/m/n/10.95 Hirano, T.; Nishide, M.; et al. De-vel-op-ment and val-i-d
a-tion of
 []


Underfull \hbox (badness 1132) in paragraph at lines 101--107
\OT1/lmr/m/n/10.95 a deep-learning model for scor-ing of ra-dio-graphic fin-ger
 joint de-
 []

[64]
Underfull \hbox (badness 1874) in paragraph at lines 156--160
\OT1/lmr/m/n/10.95 cy-clo-pe-dia. []$\OT1/lmtt/m/n/10.95 https : / / en\OML/lmm
/m/it/10.95 :\OT1/lmtt/m/n/10.95 wikipedia\OML/lmm/m/it/10.95 :\OT1/lmtt/m/n/10
.95 org / w / index\OML/lmm/m/it/10.95 :\OT1/lmtt/m/n/10.95 php?title = Softmax
 _
 []


Underfull \hbox (badness 7451) in paragraph at lines 162--165
\OT1/lmr/m/n/10.95 The Free En-cy-clo-pe-dia. 2020, [On-line; ac-cessed 28-Apri
l-2020
 []


Underfull \hbox (badness 2277) in paragraph at lines 162--165
\OT1/lmr/m/n/10.95 ]. Avail-able from: []$\OT1/lmtt/m/n/10.95 https : / / en\OM
L/lmm/m/it/10.95 :\OT1/lmtt/m/n/10.95 wikipedia\OML/lmm/m/it/10.95 :\OT1/lmtt/m
/n/10.95 org / w / index\OML/lmm/m/it/10.95 :\OT1/lmtt/m/n/10.95 php?title =
 []

[65]
Underfull \hbox (badness 2119) in paragraph at lines 183--186
[]\OT1/lmr/m/n/10.95 Wikipedia con-trib-u-tors. Rec-ti-fier (neu-ral net-works)
 --- Wikipedia,
 []


Underfull \hbox (badness 7451) in paragraph at lines 183--186
\OT1/lmr/m/n/10.95 The Free En-cy-clo-pe-dia. 2020, [On-line; ac-cessed 29-Apri
l-2020
 []


Underfull \hbox (badness 2277) in paragraph at lines 183--186
\OT1/lmr/m/n/10.95 ]. Avail-able from: []$\OT1/lmtt/m/n/10.95 https : / / en\OM
L/lmm/m/it/10.95 :\OT1/lmtt/m/n/10.95 wikipedia\OML/lmm/m/it/10.95 :\OT1/lmtt/m
/n/10.95 org / w / index\OML/lmm/m/it/10.95 :\OT1/lmtt/m/n/10.95 php?title =
 []

[66] [67]) [68] [69

] [70]
<images/results.png, id=1267, 1444.39626pt x 874.26625pt>
File: images/results.png Graphic file (type png)
<use images/results.png>
Package pdftex.def Info: images/results.png  used on input line 1319.
(pdftex.def)             Requested size: 1444.39273pt x 874.26411pt.


LaTeX Warning: Float too large for page by 51.03943pt on input line 1321.

[71

] [72 <./images/results.png>] [73

] [74]
\tf@toc=\write6
\openout6 = `BP_Yorsh_Uladzislau_2020.toc'.

\tf@lof=\write7
\openout7 = `BP_Yorsh_Uladzislau_2020.lof'.

Package atveryend Info: Empty hook `BeforeClearDocument' on input line 1355.
Package atveryend Info: Empty hook `AfterLastShipout' on input line 1355.
 (./BP_Yorsh_Uladzislau_2020.aux)
Package atveryend Info: Executing hook `AtVeryEndDocument' on input line 1355.
Package atveryend Info: Executing hook `AtEndAfterFileList' on input line 1355.

Package rerunfilecheck Info: File `BP_Yorsh_Uladzislau_2020.out' has not change
d.
(rerunfilecheck)             Checksum: 1745E257BE0D20615A471C58E56CF5AF;10221.


LaTeX Font Warning: Some font shapes were not available, defaults substituted.

Package atveryend Info: Empty hook `AtVeryVeryEnd' on input line 1355.
 ) 
Here is how much of TeX's memory you used:
 31203 strings out of 480607
 586411 string characters out of 5903083
 865491 words of memory out of 5000000
 46277 multiletter control sequences out of 15000+600000
 597614 words of font info for 63 fonts, out of 8000000 for 9000
 1141 hyphenation exceptions out of 8191
 52i,12n,76p,1359b,953s stack positions out of 5000i,500n,10000p,200000b,80000s
{c:/Software/texlive/2020/texmf-dist/fonts/enc/dvips/lm/lm-rmtt.enc}{c:/Softw
are/texlive/2020/texmf-dist/fonts/enc/dvips/lm/lm-mathex.enc}{c:/Software/texli
ve/2020/texmf-dist/fonts/enc/dvips/lm/lm-mathit.enc}{c:/Software/texlive/2020/t
exmf-dist/fonts/enc/dvips/lm/lm-rmsc.enc}{c:/Software/texlive/2020/texmf-dist/f
onts/enc/dvips/lm/lm-rm.enc}{c:/Software/texlive/2020/texmf-dist/fonts/enc/dvip
s/lm/lm-mathsy.enc}{c:/Software/texlive/2020/texmf-dist/fonts/enc/dvips/lm/lm-t
s1.enc}<c:/Software/texlive/2020/texmf-dist/fonts/type1/public/lm/lmbx10.pfb><c
:/Software/texlive/2020/texmf-dist/fonts/type1/public/lm/lmbx12.pfb><c:/Softwar
e/texlive/2020/texmf-dist/fonts/type1/public/lm/lmbxi10.pfb><c:/Software/texliv
e/2020/texmf-dist/fonts/type1/public/lm/lmcsc10.pfb><c:/Software/texlive/2020/t
exmf-dist/fonts/type1/public/lm/lmex10.pfb><c:/Software/texlive/2020/texmf-dist
/fonts/type1/public/lm/lmmi10.pfb><c:/Software/texlive/2020/texmf-dist/fonts/ty
pe1/public/lm/lmmi8.pfb><c:/Software/texlive/2020/texmf-dist/fonts/type1/public
/lm/lmr10.pfb><c:/Software/texlive/2020/texmf-dist/fonts/type1/public/lm/lmr12.
pfb><c:/Software/texlive/2020/texmf-dist/fonts/type1/public/lm/lmr8.pfb><c:/Sof
tware/texlive/2020/texmf-dist/fonts/type1/public/lm/lmri10.pfb><c:/Software/tex
live/2020/texmf-dist/fonts/type1/public/lm/lmssbx10.pfb><c:/Software/texlive/20
20/texmf-dist/fonts/type1/public/lm/lmsy10.pfb><c:/Software/texlive/2020/texmf-
dist/fonts/type1/public/lm/lmsy8.pfb><c:/Software/texlive/2020/texmf-dist/fonts
/type1/public/lm/lmtt10.pfb><c:/Software/texlive/2020/texmf-dist/fonts/type1/pu
blic/amsfonts/symbols/msam10.pfb><c:/Software/texlive/2020/texmf-dist/fonts/typ
e1/public/amsfonts/symbols/msbm10.pfb>
Output written on BP_Yorsh_Uladzislau_2020.pdf (90 pages, 4403058 bytes).
PDF statistics:
 1414 PDF objects out of 1440 (max. 8388607)
 1199 compressed objects within 12 object streams
 273 named destinations out of 1000 (max. 500000)
 782 words of extra memory for PDF output out of 10000 (max. 10000000)

